<?xml version="1.0" encoding="utf-8"?><testsuites name="pytest tests"><testsuite name="pytest" errors="0" failures="0" skipped="2" tests="1127" time="36.880" timestamp="2026-09-08T13:31:05.371764+02:00" hostname="Gadhgadhi"><testcase classname="tests.test_code_autonomy" name="test_catalog_follows_the_active_project_across_harnesses[.agents/skills]" time="0.013" /><testcase classname="tests.test_code_autonomy" name="test_catalog_follows_the_active_project_across_harnesses[.claude/skills]" time="0.018" /><testcase classname="tests.test_code_autonomy" name="test_catalog_follows_the_active_project_across_harnesses[.omp/agent/skills]" time="0.015" /><testcase classname="tests.test_code_autonomy" name="test_catalog_follows_the_active_project_across_harnesses[.team/skills]" time="0.011" /><testcase classname="tests.test_code_autonomy" name="test_skill_discovery_does_not_migrate_a_read_only_legacy_library" time="0.005" /><testcase classname="tests.test_code_autonomy" name="test_skill_search_runs_without_blocking_the_event_loop" time="0.003" /><testcase classname="tests.test_code_autonomy" name="test_a_new_harness_and_a_new_skill_are_visible_on_the_same_loader" time="0.008" /><testcase classname="tests.test_code_autonomy" name="test_windows_bom_and_malformed_skills_do_not_break_the_catalog" time="0.006" /><testcase classname="tests.test_code_autonomy" name="test_a_dependency_installed_during_the_task_refreshes_the_cached_catalog" time="0.006" /><testcase classname="tests.test_code_autonomy" name="test_new_home_harnesses_are_discovered_without_restarting" time="0.004" /><testcase classname="tests.test_code_autonomy" name="test_quoted_false_does_not_force_load_an_unrelated_skill" time="0.004" /><testcase classname="tests.test_code_autonomy" name="test_explicit_slugs_are_loaded_without_treating_ordinary_words_as_skills" time="0.004" /><testcase classname="tests.test_code_autonomy" name="test_disabled_skills_and_path_traversal_cannot_bypass_the_catalog" time="0.005" /><testcase classname="tests.test_code_autonomy" name="test_directory_instructions_follow_reads_and_refresh_after_edits" time="0.009" /><testcase classname="tests.test_code_autonomy" name="test_file_reads_use_one_snapshot_and_detect_changes_with_the_same_timestamp" time="0.004" /><testcase classname="tests.test_code_autonomy" name="test_malformed_agent_files_and_bom_do_not_abort_project_context" time="0.004" /><testcase classname="tests.test_code_autonomy" name="test_timed_out_and_invalid_calls_get_a_bounded_retry_budget" time="0.061" /><testcase classname="tests.test_code_autonomy" name="test_successful_recovery_resets_only_the_matching_failure_streak" time="0.008" /><testcase classname="tests.test_code_autonomy" name="test_build_workflows_can_execute_their_preview_and_device_tools[browser]" time="0.007" /><testcase classname="tests.test_code_autonomy" name="test_build_workflows_can_execute_their_preview_and_device_tools[computer]" time="0.009" /><testcase classname="tests.test_code_autonomy" name="test_build_workflows_can_execute_their_preview_and_device_tools[mobile]" time="0.006" /><testcase classname="tests.test_code_autonomy" name="test_build_workflows_can_execute_their_preview_and_device_tools[notebook_edit]" time="0.005" /><testcase classname="tests.test_code_autonomy" name="test_build_workflows_can_execute_their_preview_and_device_tools[preview_server]" time="0.005" /><testcase classname="tests.test_code_autonomy" name="test_a_browser_handoff_survives_a_continue_message_in_a_backend_project" time="0.027" /><testcase classname="tests.test_code_autonomy" name="test_resumed_build_sessions_receive_the_new_tools_without_overriding_custom_scopes" time="0.002" /><testcase classname="tests.test_code_autonomy" name="test_queued_live_input_is_rejected_after_session_close_or_replacement[False-browser]" time="0.005" /><testcase classname="tests.test_code_autonomy" name="test_queued_live_input_is_rejected_after_session_close_or_replacement[False-computer]" time="0.048" /><testcase classname="tests.test_code_autonomy" name="test_queued_live_input_is_rejected_after_session_close_or_replacement[True-browser]" time="0.003" /><testcase classname="tests.test_code_autonomy" name="test_queued_live_input_is_rejected_after_session_close_or_replacement[True-computer]" time="0.034" /><testcase classname="tests.test_code_autonomy" name="test_invalid_browser_coordinates_cannot_turn_into_unintended_corner_clicks[payload0]" time="0.002" /><testcase classname="tests.test_code_autonomy" name="test_invalid_browser_coordinates_cannot_turn_into_unintended_corner_clicks[payload1]" time="0.002" /><testcase classname="tests.test_code_autonomy" name="test_invalid_browser_coordinates_cannot_turn_into_unintended_corner_clicks[payload2]" time="0.002" /><testcase classname="tests.test_code_autonomy" name="test_browser_live_flushes_the_last_frame_when_a_page_stops_changing" time="0.155" /><testcase classname="tests.test_code_autonomy" name="test_browser_live_drops_queued_frames_when_the_stream_closes" time="0.160" /><testcase classname="tests.test_code_autonomy" name="test_verify_targets_the_matching_suite_in_mixed_projects[tests/test_api.py-None-expected0]" time="0.018" /><testcase classname="tests.test_code_autonomy" name="test_verify_targets_the_matching_suite_in_mixed_projects[tests\\test_api.py::test_response-None-expected1]" time="0.014" /><testcase classname="tests.test_code_autonomy" name="test_verify_targets_the_matching_suite_in_mixed_projects[webui/src/app.test.ts-None-expected2]" time="0.011" /><testcase classname="tests.test_code_autonomy" name="test_verify_targets_the_matching_suite_in_mixed_projects[webui/src/app.test.tsx-None-expected3]" time="0.009" /><testcase classname="tests.test_code_autonomy" name="test_verify_targets_the_matching_suite_in_mixed_projects[None-None-expected4]" time="0.016" /><testcase classname="tests.test_code_autonomy" name="test_verify_targets_the_matching_suite_in_mixed_projects[tests/test_api.py-explicit5-expected5]" time="0.010" /><testcase classname="tests.test_cli_computer" name="test_reenable_preserves_dedicated_desktop_and_policy_until_explicitly_changed" time="0.135" /><testcase classname="tests.test_cli_computer" name="test_cli_computer_config_updates_registration_without_restarting_agent[auto]" time="0.076" /><testcase classname="tests.test_cli_computer" name="test_cli_computer_config_updates_registration_without_restarting_agent[windows]" time="0.161" /><testcase classname="tests.test_cli_computer" name="test_cli_computer_config_updates_registration_without_restarting_agent[macos]" time="0.072" /><testcase classname="tests.test_cli_computer" name="test_cli_computer_config_updates_registration_without_restarting_agent[x11]" time="0.086" /><testcase classname="tests.test_cli_computer" name="test_cli_computer_config_updates_registration_without_restarting_agent[wayland]" time="0.151" /><testcase classname="tests.test_cli_computer" name="test_cli_computer_config_updates_registration_without_restarting_agent[none]" time="0.077" /><testcase classname="tests.test_cli_computer" name="test_rejected_options_do_not_partly_enable_the_tool[options0]" time="0.046" /><testcase classname="tests.test_cli_computer" name="test_rejected_options_do_not_partly_enable_the_tool[options1]" time="0.020" /><testcase classname="tests.test_cli_computer" name="test_rejected_options_do_not_partly_enable_the_tool[options2]" time="0.059" /><testcase classname="tests.test_cli_computer" name="test_stop_and_go_only_control_selected_config_instance_even_with_broken_config" time="0.048" /><testcase classname="tests.test_cli_computer" name="test_display_start_and_stop_store_pid_in_selected_instance" time="0.060" /><testcase classname="tests.test_cli_computer" name="test_bad_display_options_are_rejected_before_starting_process[options0]" time="0.007" /><testcase classname="tests.test_cli_computer" name="test_bad_display_options_are_rejected_before_starting_process[options1]" time="0.010" /><testcase classname="tests.test_cli_computer" name="test_bad_display_options_are_rejected_before_starting_process[options2]" time="0.007" /><testcase classname="tests.test_cli_computer" name="test_wslg_readonly_socket_mount_uses_local_abstract_transport[False]" time="0.001" /><testcase classname="tests.test_cli_computer" name="test_wslg_readonly_socket_mount_uses_local_abstract_transport[True]" time="0.001" /><testcase classname="tests.test_cli_computer" name="test_macos_doctor_fails_when_capture_only_shows_wallpaper" time="0.009" /><testcase classname="tests.test_cli_computer" name="test_doctor_closes_backend_and_reports_failed_probe" time="0.009" /><testcase classname="tests.test_cli_computer" name="test_screenshot_without_display_returns_actionable_cli_error" time="0.008" /><testcase classname="tests.test_skill_catalog_tool.CompactIndexTest" name="test_a_skill_added_after_the_first_index_is_visible" time="0.050" /><testcase classname="tests.test_skill_catalog_tool.CompactIndexTest" name="test_index_is_an_order_of_magnitude_smaller_than_the_summary" time="0.095" /><testcase classname="tests.test_skill_catalog_tool.CompactIndexTest" name="test_index_lists_names_without_descriptions" time="0.067" /><testcase classname="tests.test_skill_catalog_tool.SearchSkillsTest" name="test_keywords_match_name_and_description" time="0.045" /><testcase classname="tests.test_skill_catalog_tool.SearchSkillsTest" name="test_no_tokens_means_no_results" time="0.012" /><testcase classname="tests.test_skill_catalog_tool.SkillToolTest" name="test_find_returns_descriptions_and_next_step" time="0.042" /><testcase classname="tests.test_skill_catalog_tool.SkillToolTest" name="test_find_without_query_is_a_clear_error" time="0.013" /><testcase classname="tests.test_skill_catalog_tool.SkillToolTest" name="test_list_returns_every_name" time="0.030" /><testcase classname="tests.test_skill_catalog_tool.SkillToolTest" name="test_preloaded_full_body_names_the_skill_folder_too" time="0.019" /><testcase classname="tests.test_skill_catalog_tool.SkillToolTest" name="test_read_names_the_skill_folder_for_bundled_scripts" time="0.019" /><testcase classname="tests.test_skill_catalog_tool.SkillToolTest" name="test_read_returns_the_full_body" time="0.019" /><testcase classname="tests.test_skill_catalog_tool.SkillToolTest" name="test_read_unknown_name_suggests_closest" time="0.036" /><testcase classname="tests.test_user_skills.UserSkillsTest" name="test_a_home_skill_is_tagged_as_user_and_resolvable" time="0.008" /><testcase classname="tests.test_user_skills.UserSkillsTest" name="test_a_missing_home_costs_nothing" time="0.007" /><testcase classname="tests.test_user_skills.UserSkillsTest" name="test_a_skill_written_after_the_scan_is_still_found_by_name" time="0.010" /><testcase classname="tests.test_user_skills.UserSkillsTest" name="test_any_dot_folder_in_the_home_is_listed" time="0.010" /><testcase classname="tests.test_user_skills.UserSkillsTest" name="test_any_dot_folder_in_the_project_nested_layout_is_listed" time="0.008" /><testcase classname="tests.test_user_skills.UserSkillsTest" name="test_home_cache_and_vcs_folders_are_ignored" time="0.007" /><testcase classname="tests.test_user_skills.UserSkillsTest" name="test_loose_md_in_navin_skill_is_listed" time="0.010" /><testcase classname="tests.test_user_skills.UserSkillsTest" name="test_mentioned_skill_names_keep_message_order" time="0.008" /><testcase classname="tests.test_user_skills.UserSkillsTest" name="test_nested_omp_skills_in_the_project_are_listed" time="0.011" /><testcase classname="tests.test_user_skills.UserSkillsTest" name="test_omp_skills_in_the_home_are_listed" time="0.015" /><testcase classname="tests.test_user_skills.UserSkillsTest" name="test_owned_skills_are_workspace_user_and_plugin_in_order" time="0.012" /><testcase classname="tests.test_user_skills.UserSkillsTest" name="test_resolving_every_skill_costs_one_scan_not_one_probe_per_root" time="0.104" /><testcase classname="tests.test_user_skills.UserSkillsTest" name="test_singular_skill_folder_is_listed" time="0.012" /><testcase classname="tests.test_user_skills.UserSkillsTest" name="test_the_flat_home_layout_works_too" time="0.010" /><testcase classname="tests.test_user_skills.UserSkillsTest" name="test_the_workspace_still_wins_over_the_home" time="0.010" /><testcase classname="tests.test_user_skills.OwnedSkillPromptTest" name="test_slim_code_skills_are_names_until_read" time="0.188" /><testcase classname="tests.test_user_skills.OwnedSkillPromptTest" name="test_slim_loads_only_a_mentioned_skill_body" time="0.047" /><testcase classname="tests.test_user_skills.OwnedSkillPromptTest" name="test_slim_preload_does_not_dump_owned_skill_bodies" time="0.041" /><testcase classname="tests.test_user_skills.OwnedSkillPromptTest" name="test_system_prompt_lists_and_loads_owned_skills_in_order" time="0.052" /><testcase classname="tests.test_user_skills.WorkspaceSkillImportTest" name="test_discovers_and_imports_dot_folder_skill_trees" time="0.053" /><testcase classname="tests.test_user_skills.WorkspaceSkillImportTest" name="test_discovers_loose_md_and_every_dot_folder" time="0.055" /><testcase classname="tests.test_user_skills.WorkspaceSkillImportTest" name="test_import_everywhere_writes_to_home_navin_skill" time="0.048" /><testcase classname="tests.test_user_skills.WorkspaceSkillImportTest" name="test_new_workspace_skill_dir_is_navin_skill" time="0.003" /><testcase classname="tests.test_user_skills.HostPathNormalizeTest" name="test_apply_root_everywhere_is_home" time="0.002" /><testcase classname="tests.test_user_skills.HostPathNormalizeTest" name="test_linux_keeps_posix_and_accepts_backslashes" time="0.002" /><testcase classname="tests.test_user_skills.HostPathNormalizeTest" name="test_wsl_translates_a_windows_drive" time="0.015" /><testcase classname="tests.test_user_skills.HostPathNormalizeTest" name="test_wsl_translates_unc" time="0.005" /><testcase classname="tests.test_skills_setup.GithubSkillPacmanRecipeTest" name="test_github_skill_has_pacman_github_cli" time="0.003" /><testcase classname="tests.test_tool_surface.ToolSurfaceTest" name="test_agent_mode_denies_nothing" time="0.003" /><testcase classname="tests.test_tool_surface.ToolSurfaceTest" name="test_compact_shortens_long_descriptions" time="0.003" /><testcase classname="tests.test_tool_surface.ToolSurfaceTest" name="test_filter_drops_denied_schemas" time="0.001" /><testcase classname="tests.test_tool_surface.ToolSurfaceTest" name="test_filter_keeps_only_the_allowlist" time="0.001" /><testcase classname="tests.test_tool_surface.ToolSurfaceTest" name="test_filtered_definitions_accept_a_live_callable" time="0.002" /><testcase classname="tests.test_tool_surface.ToolSurfaceTest" name="test_mcp_is_not_on_the_code_build_allowlist" time="0.003" /><testcase classname="tests.test_tool_surface.ToolSurfaceTest" name="test_plan_denies_every_mutation_channel" time="0.003" /><testcase classname="tests.test_tool_surface.ToolSurfaceTest" name="test_plan_keeps_spawn_for_its_read_action" time="0.002" /><testcase classname="tests.test_tool_surface.ToolSurfaceTest" name="test_plan_keeps_the_read_and_planning_surfaces" time="0.002" /><testcase classname="tests.test_tool_surface.ToolSurfaceTest" name="test_plan_safe_write_tools_are_the_planning_surfaces" time="0.003" /><testcase classname="tests.test_tool_surface.ToolSurfaceTest" name="test_review_denies_heavy_media" time="0.006" /><testcase classname="tests.test_tool_surface.ToolSurfaceTest" name="test_spawn_start_is_not_read_only_but_results_is" time="0.004" /><testcase classname="tests.test_project_agents.TestAgentDiscovery" name="test_flat_markdown_agent_is_discovered" time="0.005" /><testcase classname="tests.test_project_agents.TestAgentDiscovery" name="test_nested_category_layout_is_discovered" time="0.004" /><testcase classname="tests.test_project_agents.TestAgentDiscovery" name="test_opencode_singular_agent_folder" time="0.004" /><testcase classname="tests.test_project_agents.TestAgentDiscovery" name="test_codex_toml_agent" time="0.003" /><testcase classname="tests.test_project_agents.TestAgentDiscovery" name="test_readme_is_not_an_agent" time="0.004" /><testcase classname="tests.test_project_agents.TestAgentDiscovery" name="test_invalid_toml_is_skipped" time="0.005" /><testcase classname="tests.test_project_agents.TestAgentDiscovery" name="test_symlinked_mirror_dedupes_against_canonical" time="0.007" /><testcase classname="tests.test_project_agents.TestAgentDiscovery" name="test_first_harness_folder_wins_per_name" time="0.006" /><testcase classname="tests.test_project_agents.TestAgentDiscovery" name="test_harness_dirs_cover_the_six_tool_folders" time="0.004" /><testcase classname="tests.test_project_agents.TestAgentDiscovery" name="test_unknown_dot_folder_is_discovered" time="0.003" /><testcase classname="tests.test_project_agents.TestAgentDiscovery" name="test_vcs_and_cache_dot_folders_are_ignored" time="0.007" /><testcase classname="tests.test_project_agents.TestAgentDiscovery" name="test_known_folders_keep_priority_over_unknown_ones" time="0.003" /><testcase classname="tests.test_project_agents.TestAgentDiscovery" name="test_home_harness_dirs_see_unknown_dot_folders" time="0.007" /><testcase classname="tests.test_project_agents.TestAgentDiscovery" name="test_skills_in_unknown_dot_folder_are_listed" time="0.030" /><testcase classname="tests.test_project_agents.TestAgentDiscovery" name="test_skill_md_directly_in_dot_folder_or_subdir" time="0.038" /><testcase classname="tests.test_project_agents.TestSkillMirrors" name="test_symlinked_skill_dir_in_agents_mirror_is_listed" time="0.025" /><testcase classname="tests.test_project_agents.TestClaudeMdImports" name="test_claude_md_at_import_is_resolved" time="0.011" /><testcase classname="tests.test_project_agents.TestClaudeMdImports" name="test_agents_md_wins_over_claude_shim" time="0.011" /><testcase classname="tests.test_project_agents.TestClaudeMdImports" name="test_missing_import_resolves_to_nothing" time="0.016" /><testcase classname="tests.test_project_agents.TestClaudeMdImports" name="test_import_cycle_terminates" time="0.019" /><testcase classname="tests.test_project_agents.TestClaudeMdImports" name="test_inline_at_mentions_are_left_alone" time="0.016" /><testcase classname="tests.test_project_agents.TestEnvVarDocSync" name="test_every_provider_env_var_is_documented" time="0.002" /><testcase classname="tests.test_runner_retry_limits.SpecDefaultsTest" name="test_defaults_match_the_historical_constants" time="0.003" /><testcase classname="tests.test_runner_retry_limits.EmptyRetryLimitTest" name="test_limit_bounds_the_provider_calls" time="0.182" /><testcase classname="tests.test_runner_retry_limits.LengthRecoveryLimitTest" name="test_limit_bounds_the_continuations" time="0.010" /><testcase classname="tests.test_code_agent_gates.ForgeMetadataTest" name="test_debug_review_security_montage_keep_full_fs_writers" time="0.029" /><testcase classname="tests.test_code_agent_gates.ForgeMetadataTest" name="test_forge_keeps_verify_and_full_fs_writers" time="0.005" /><testcase classname="tests.test_code_agent_gates.CodeDeniedToolsTest" name="test_scrape_blocked_in_code_module" time="0.005" /><testcase classname="tests.test_code_agent_gates.ApplyPatchOnlyTest" name="test_edit_file_allowed_when_apply_patch_only" time="0.011" /><testcase classname="tests.test_code_agent_gates.ApplyPatchOnlyTest" name="test_write_file_allowed_on_existing_path_even_with_legacy_flag" time="0.008" /><testcase classname="tests.test_code_agent_gates.ExecTestRunCountsAsVerifyTest" name="test_a_command_that_is_not_a_test_run_still_gets_the_nudge" time="0.010" /><testcase classname="tests.test_code_agent_gates.ExecTestRunCountsAsVerifyTest" name="test_a_green_pytest_through_exec_is_enough" time="0.008" /><testcase classname="tests.test_code_agent_gates.ExecTestRunCountsAsVerifyTest" name="test_a_red_pytest_still_gets_the_nudge" time="0.014" /><testcase classname="tests.test_code_agent_gates.ExecTestRunCountsAsVerifyTest" name="test_an_edit_after_the_green_run_reopens_the_question" time="0.008" /><testcase classname="tests.test_code_agent_gates.VerifyFailedNudgeTest" name="test_last_verify_failed_helper" time="0.003" /><testcase classname="tests.test_code_agent_gates.VerifyFailedNudgeTest" name="test_raised_limit_keeps_nudging_until_verify_passes" time="0.022" /><testcase classname="tests.test_code_agent_gates.VerifyFailedNudgeTest" name="test_red_verify_nudges_fix_retry" time="0.011" /><testcase classname="tests.test_verify_failure_prompt.VerifyFailurePromptTest" name="test_no_summary_keeps_the_generic_nudge" time="0.002" /><testcase classname="tests.test_verify_failure_prompt.VerifyFailurePromptTest" name="test_the_log_digest_is_newest_first" time="0.003" /><testcase classname="tests.test_verify_failure_prompt.VerifyFailurePromptTest" name="test_the_nudge_includes_the_recorded_summary" time="0.002" /><testcase classname="tests.test_verify_failure_prompt.VerifyFailurePromptTest" name="test_the_runner_prefers_the_workspace_log_over_a_tool_event" time="0.003" /><testcase classname="tests.test_manage_files.DeleteTest" name="test_a_deeper_sessions_directory_is_ordinary" time="0.006" /><testcase classname="tests.test_manage_files.DeleteTest" name="test_a_directory_needs_recursive" time="0.003" /><testcase classname="tests.test_manage_files.DeleteTest" name="test_a_file_is_removed_and_its_bytes_are_recorded" time="0.003" /><testcase classname="tests.test_manage_files.DeleteTest" name="test_a_missing_path_is_refused_before_anything_is_touched" time="0.004" /><testcase classname="tests.test_manage_files.DeleteTest" name="test_a_wide_delete_is_refused_rather_than_untracked" time="0.016" /><testcase classname="tests.test_manage_files.DeleteTest" name="test_deleting_the_project_root_is_refused" time="0.003" /><testcase classname="tests.test_manage_files.DeleteTest" name="test_git_internals_are_refused" time="0.003" /><testcase classname="tests.test_manage_files.DeleteTest" name="test_recursive_records_every_file_it_removes" time="0.004" /><testcase classname="tests.test_manage_files.DeleteTest" name="test_session_state_at_the_root_is_refused" time="0.003" /><testcase classname="tests.test_manage_files.DeleteTest" name="test_several_paths_go_in_one_call" time="0.004" /><testcase classname="tests.test_manage_files.DeleteTest" name="test_the_read_state_forgets_a_deleted_file" time="0.003" /><testcase classname="tests.test_manage_files.MoveTest" name="test_a_directory_moves_with_its_contents" time="0.125" /><testcase classname="tests.test_manage_files.MoveTest" name="test_a_move_onto_itself_is_refused" time="0.006" /><testcase classname="tests.test_manage_files.MoveTest" name="test_a_rename_records_both_sides" time="0.108" /><testcase classname="tests.test_manage_files.MoveTest" name="test_an_existing_destination_directory_means_into_it" time="0.114" /><testcase classname="tests.test_manage_files.MoveTest" name="test_moving_a_directory_into_itself_is_refused" time="0.006" /><testcase classname="tests.test_manage_files.MoveTest" name="test_overwrite_records_what_it_replaced" time="0.109" /><testcase classname="tests.test_manage_files.MoveTest" name="test_replacing_a_file_needs_overwrite" time="0.007" /><testcase classname="tests.test_manage_files.MoveTest" name="test_the_reply_says_references_are_not_updated" time="0.104" /><testcase classname="tests.test_manage_files.CopyTest" name="test_a_copy_leaves_the_source_alone" time="0.090" /><testcase classname="tests.test_manage_files.CopyTest" name="test_a_directory_copy_is_recursive" time="0.075" /><testcase classname="tests.test_manage_files.CopyTest" name="test_the_source_is_not_recorded_because_it_does_not_change" time="0.101" /><testcase classname="tests.test_manage_files.EmptyDirectoryCollisionTest" name="test_copy_onto_an_empty_directory_needs_overwrite_too" time="0.008" /><testcase classname="tests.test_manage_files.EmptyDirectoryCollisionTest" name="test_moving_onto_an_empty_directory_of_the_same_name_needs_overwrite" time="0.009" /><testcase classname="tests.test_manage_files.EmptyDirectoryCollisionTest" name="test_overwrite_replaces_the_empty_directory_rather_than_nesting" time="0.111" /><testcase classname="tests.test_manage_files.TransferDiagnosticsTest" name="test_a_clean_move_reads_as_it_always_did" time="0.007" /><testcase classname="tests.test_manage_files.TransferDiagnosticsTest" name="test_a_copy_reports_on_the_destination_path" time="0.013" /><testcase classname="tests.test_manage_files.TransferDiagnosticsTest" name="test_a_move_reports_on_the_destination_path" time="0.010" /><testcase classname="tests.test_manage_files.TransferDiagnosticsTest" name="test_delete_does_not_ask_the_linters_anything" time="0.008" /><testcase classname="tests.test_manage_files.MkdirTest" name="test_an_existing_directory_is_not_an_error" time="0.004" /><testcase classname="tests.test_manage_files.MkdirTest" name="test_an_existing_file_in_the_way_is_refused" time="0.004" /><testcase classname="tests.test_manage_files.MkdirTest" name="test_parents_are_created" time="0.005" /><testcase classname="tests.test_manage_files.ReviewIntegrationTest" name="test_a_checkpoint_restores_a_deleted_tree" time="0.021" /><testcase classname="tests.test_manage_files.ReviewIntegrationTest" name="test_a_deletion_is_listed_as_deleted_and_rejecting_brings_it_back" time="0.020" /><testcase classname="tests.test_manage_files.ReviewIntegrationTest" name="test_a_rename_is_two_changes_that_can_be_rejected_together" time="0.081" /><testcase classname="tests.test_manage_files.ContractTest" name="test_a_path_outside_the_workspace_is_refused" time="0.005" /><testcase classname="tests.test_manage_files.ContractTest" name="test_an_unknown_action_lists_the_valid_ones" time="0.004" /><testcase classname="tests.test_manage_files.ContractTest" name="test_delete_without_paths_is_refused" time="0.003" /><testcase classname="tests.test_manage_files.ContractTest" name="test_move_without_a_destination_is_refused" time="0.003" /><testcase classname="tests.test_manage_files.ContractTest" name="test_no_recorder_bound_is_not_an_error" time="0.004" /><testcase classname="tests.test_manage_files.ContractTest" name="test_the_tool_declares_itself_a_writer" time="0.003" /><testcase classname="tests.test_file_manage.ExplorerManageTest" name="test_a_bare_name_stays_in_the_same_folder" time="0.004" /><testcase classname="tests.test_file_manage.ExplorerManageTest" name="test_a_name_with_a_separator_moves_the_entry" time="0.004" /><testcase classname="tests.test_file_manage.ExplorerManageTest" name="test_deletes_a_directory_and_its_contents" time="0.003" /><testcase classname="tests.test_file_manage.ExplorerManageTest" name="test_deletes_a_file" time="0.003" /><testcase classname="tests.test_file_manage.ExplorerManageTest" name="test_deleting_a_symlink_does_not_touch_its_target" time="0.003" /><testcase classname="tests.test_file_manage.ExplorerManageTest" name="test_refuses_an_empty_name" time="0.002" /><testcase classname="tests.test_file_manage.ExplorerManageTest" name="test_refuses_to_delete_outside_the_project" time="0.003" /><testcase classname="tests.test_file_manage.ExplorerManageTest" name="test_refuses_to_delete_the_project_root" time="0.003" /><testcase classname="tests.test_file_manage.ExplorerManageTest" name="test_refuses_to_move_a_folder_inside_itself" time="0.003" /><testcase classname="tests.test_file_manage.ExplorerManageTest" name="test_refuses_to_overwrite_an_existing_entry" time="0.004" /><testcase classname="tests.test_file_manage.ExplorerManageTest" name="test_refuses_to_rename_out_of_the_project" time="0.002" /><testcase classname="tests.test_file_manage.ExplorerManageTest" name="test_refuses_to_rename_the_project_root" time="0.002" /><testcase classname="tests.test_file_manage.ExplorerManageTest" name="test_renames_a_directory" time="0.003" /><testcase classname="tests.test_file_manage.ExplorerManageTest" name="test_renames_a_file_in_place" time="0.003" /><testcase classname="tests.test_file_manage.ExplorerManageTest" name="test_renaming_to_the_same_name_is_a_no_op" time="0.002" /><testcase classname="tests.test_file_manage.ExplorerManageTest" name="test_reports_a_missing_path_as_not_found" time="0.002" /><testcase classname="tests.test_prompt_profile.SystemSectionsTest" name="test_a_block_without_a_heading_is_not_dropped" time="0.002" /><testcase classname="tests.test_prompt_profile.SystemSectionsTest" name="test_an_unknown_section_is_still_counted" time="0.002" /><testcase classname="tests.test_prompt_profile.SystemSectionsTest" name="test_bootstrap_files_share_one_bucket" time="0.002" /><testcase classname="tests.test_prompt_profile.SystemSectionsTest" name="test_each_block_lands_in_its_own_bucket" time="0.004" /><testcase classname="tests.test_prompt_profile.RequestBucketsTest" name="test_an_empty_request_does_not_divide_by_zero" time="0.002" /><testcase classname="tests.test_prompt_profile.RequestBucketsTest" name="test_mcp_schemas_are_split_from_builtin_tools" time="0.002" /><testcase classname="tests.test_prompt_profile.RequestBucketsTest" name="test_the_buckets_sum_to_the_total" time="0.002" /><testcase classname="tests.test_prompt_profile.RequestBucketsTest" name="test_the_fixed_ratio_reports_what_repeats_every_turn" time="0.004" /><testcase classname="tests.test_prompt_profile.RequestBucketsTest" name="test_tool_results_are_separated_from_the_conversation" time="0.002" /><testcase classname="tests.test_prompt_profile.RequestBucketsTest" name="test_tool_schemas_are_counted_and_flagged_fixed" time="0.004" /><testcase classname="tests.test_prompt_profile.DisplayBucketsTest" name="test_known_sections_roll_up_without_inventing_tokens" time="0.002" /><testcase classname="tests.test_prompt_profile.DisplayBucketsTest" name="test_unknown_section_is_kept_as_other" time="0.002" /><testcase classname="tests.test_prompt_profile.BudgetTest" name="test_a_group_over_its_ceiling_is_reported_with_its_ratio" time="0.003" /><testcase classname="tests.test_prompt_profile.BudgetTest" name="test_a_group_within_its_ceiling_is_silent" time="0.002" /><testcase classname="tests.test_prompt_profile.BudgetTest" name="test_a_runaway_request_is_still_caught" time="0.002" /><testcase classname="tests.test_prompt_profile.BudgetTest" name="test_an_ordinary_request_only_flags_the_structural_gap" time="0.002" /><testcase classname="tests.test_prompt_profile.BudgetTest" name="test_every_bucket_belongs_to_exactly_one_group" time="0.002" /><testcase classname="tests.test_prompt_profile.BudgetTest" name="test_groups_account_for_every_section_a_real_request_produces" time="0.002" /><testcase classname="tests.test_prompt_profile.BudgetTest" name="test_skills_already_fit_their_ceiling" time="0.002" /><testcase classname="tests.test_prompt_profile.BudgetTest" name="test_the_structural_targets_sit_below_what_was_measured" time="0.002" /><testcase classname="tests.test_prompt_profile.BudgetTest" name="test_the_whole_request_has_its_own_ceiling" time="0.004" /><testcase classname="tests.test_prompt_profile.BudgetTest" name="test_the_worst_offender_is_reported_first" time="0.010" /><testcase classname="tests.test_prompt_profile.BudgetWarningNoiseTest" name="test_the_one_warning_still_names_the_group" time="0.068" /><testcase classname="tests.test_prompt_profile.BudgetWarningNoiseTest" name="test_the_same_overrun_is_reported_once_not_every_call" time="0.057" /><testcase classname="tests.test_prompt_profile.FormattingTest" name="test_the_log_line_leads_with_the_biggest_bucket" time="0.003" /><testcase classname="tests.test_prompt_profile.EnableSwitchTest" name="test_a_broken_request_cannot_break_the_turn" time="0.003" /><testcase classname="tests.test_prompt_profile.EnableSwitchTest" name="test_disabled_profiling_does_no_work" time="0.004" /><testcase classname="tests.test_prompt_profile.EnableSwitchTest" name="test_profiling_is_off_unless_asked" time="0.005" /><testcase classname="tests.test_runtime_context_resolution.ResolveRuntimeContextTest" name="test_no_providers_is_fine" time="0.005" /><testcase classname="tests.test_runtime_context_resolution.ResolveRuntimeContextTest" name="test_providers_run_concurrently" time="0.107" /><testcase classname="tests.test_runtime_context_resolution.ResolveRuntimeContextTest" name="test_slow_first_provider_still_comes_first" time="0.057" /><testcase classname="tests.test_runtime_context_resolution.ProviderFencingTest" name="test_a_cancelled_turn_still_propagates" time="0.005" /><testcase classname="tests.test_runtime_context_resolution.ProviderFencingTest" name="test_a_crashing_provider_is_dropped_and_the_rest_survive" time="0.006" /><testcase classname="tests.test_runtime_context_resolution.ProviderFencingTest" name="test_a_stuck_provider_is_dropped_and_the_rest_survive" time="0.057" /><testcase classname="tests.test_agent_context_pack.AgentContextPackTest" name="test_a_tiny_budget_truncates_and_says_so" time="0.180" /><testcase classname="tests.test_agent_context_pack.AgentContextPackTest" name="test_dirty_git_without_open_files_stays_empty" time="0.011" /><testcase classname="tests.test_agent_context_pack.AgentContextPackTest" name="test_empty_without_signals" time="0.002" /><testcase classname="tests.test_agent_context_pack.AgentContextPackTest" name="test_includes_file_mentions" time="0.069" /><testcase classname="tests.test_agent_context_pack.AgentContextPackTest" name="test_packs_open_files_and_symbols" time="0.061" /><testcase classname="tests.test_agent_context_pack.AgentContextPackTest" name="test_the_budget_bounds_the_final_size" time="1.266" /><testcase classname="tests.test_agent_context_pack.AgentContextPackTest" name="test_twelve_open_files_all_fit_in_the_token_budget" time="0.602" /><testcase classname="tests.test_continuity_context.ContinuityDigestTests" name="test_auto_handoff_block_is_injected_even_on_template_resume" time="0.095" /><testcase classname="tests.test_continuity_context.ContinuityDigestTests" name="test_blank_scaffold_resume_is_silent" time="0.053" /><testcase classname="tests.test_continuity_context.ContinuityDigestTests" name="test_resume_constraints_and_decisions_are_injected" time="0.007" /><testcase classname="tests.test_resume_seed.ResumeSeedTest" name="test_api_payload_matches" time="0.035" /><testcase classname="tests.test_resume_seed.ResumeSeedTest" name="test_append_decisions_from_brief" time="0.043" /><testcase classname="tests.test_resume_seed.ResumeSeedTest" name="test_leave_handoff_writes_auto_block" time="0.040" /><testcase classname="tests.test_resume_seed.ResumeSeedTest" name="test_seed_includes_git_decisions_tasks_constraints" time="0.051" /><testcase classname="tests.test_free_model_failover.AutoFreeFallbackTest" name="test_a_lone_model_has_no_chain" time="0.005" /><testcase classname="tests.test_free_model_failover.AutoFreeFallbackTest" name="test_auto_chain_skips_vision_disabled_and_paid_models" time="0.004" /><testcase classname="tests.test_free_model_failover.AutoFreeFallbackTest" name="test_byok_primary_continues_on_the_other_configured_models" time="0.004" /><testcase classname="tests.test_free_model_failover.AutoFreeFallbackTest" name="test_explicit_fallback_models_take_priority" time="0.004" /><testcase classname="tests.test_free_model_failover.AutoFreeFallbackTest" name="test_free_primary_gets_auto_chain_from_presets" time="0.003" /><testcase classname="tests.test_free_model_failover.AutoFreeFallbackTest" name="test_free_primary_without_presets_uses_bundled_catalog" time="0.003" /><testcase classname="tests.test_free_model_failover.AutoFreeFallbackTest" name="test_managed_primary_without_presets_uses_bundled_catalog" time="0.003" /><testcase classname="tests.test_free_model_failover.AutoFreeFallbackTest" name="test_managed_subscription_primary_gets_auto_chain" time="0.003" /><testcase classname="tests.test_free_model_failover.AutoFreeFallbackTest" name="test_non_text_and_disabled_presets_never_enter_the_chain" time="0.003" /><testcase classname="tests.test_free_model_failover.AutoFreeFallbackTest" name="test_presets_whose_provider_has_no_credentials_are_skipped" time="0.003" /><testcase classname="tests.test_free_model_failover.AutoFreeFallbackTest" name="test_rate_limited_free_primary_fails_over" time="0.002" /><testcase classname="tests.test_free_model_failover.AutoFreeFallbackTest" name="test_the_catalog_tail_alternates_vendors" time="0.003" /><testcase classname="tests.test_free_model_failover.AutoFreeFallbackTest" name="test_the_chain_keeps_the_primary_window_and_generation" time="0.003" /><testcase classname="tests.test_free_model_failover.AutoFreeFallbackTest" name="test_the_chain_starts_with_the_default_then_the_routed_picks" time="0.003" /><testcase classname="tests.test_fallback_policy.TestTextMatchingIsSpecific" name="test_ordinary_prose_is_not_read_as_an_availability_problem[the prompt contains an empty field]" time="0.002" /><testcase classname="tests.test_fallback_policy.TestTextMatchingIsSpecific" name="test_ordinary_prose_is_not_read_as_an_availability_problem[your account balance sheet tool failed]" time="0.003" /><testcase classname="tests.test_fallback_policy.TestTextMatchingIsSpecific" name="test_ordinary_prose_is_not_read_as_an_availability_problem[the connection between these two ideas is unclear]" time="0.003" /><testcase classname="tests.test_fallback_policy.TestTextMatchingIsSpecific" name="test_ordinary_prose_is_not_read_as_an_availability_problem[tool returned an empty list]" time="0.002" /><testcase classname="tests.test_fallback_policy.TestTextMatchingIsSpecific" name="test_ordinary_prose_is_not_read_as_an_availability_problem[timeoutish naming is not an error]" time="0.002" /><testcase classname="tests.test_fallback_policy.TestTextMatchingIsSpecific" name="test_ordinary_prose_is_not_read_as_an_availability_problem[the overloadedQueue class needs refactoring]" time="0.002" /><testcase classname="tests.test_fallback_policy.TestTextMatchingIsSpecific" name="test_real_availability_failures_still_switch[429 rate limit exceeded]" time="0.001" /><testcase classname="tests.test_fallback_policy.TestTextMatchingIsSpecific" name="test_real_availability_failures_still_switch[upstream is overloaded, try again]" time="0.002" /><testcase classname="tests.test_fallback_policy.TestTextMatchingIsSpecific" name="test_real_availability_failures_still_switch[the request timed out]" time="0.002" /><testcase classname="tests.test_fallback_policy.TestTextMatchingIsSpecific" name="test_real_availability_failures_still_switch[API returned empty choices]" time="0.002" /><testcase classname="tests.test_fallback_policy.TestTextMatchingIsSpecific" name="test_real_availability_failures_still_switch[no choices returned by provider]" time="0.002" /><testcase classname="tests.test_fallback_policy.TestTextMatchingIsSpecific" name="test_real_availability_failures_still_switch[Service Unavailable]" time="0.002" /><testcase classname="tests.test_fallback_policy.TestTextMatchingIsSpecific" name="test_real_availability_failures_still_switch[insufficient balance]" time="0.002" /><testcase classname="tests.test_fallback_policy.TestTextMatchingIsSpecific" name="test_real_availability_failures_still_switch[out of credits]" time="0.002" /><testcase classname="tests.test_fallback_policy.TestTextMatchingIsSpecific" name="test_matching_is_case_insensitive" time="0.002" /><testcase classname="tests.test_fallback_policy.TestTextMatchingIsSpecific" name="test_provider_identifiers_embedded_in_text_still_match" time="0.002" /><testcase classname="tests.test_fallback_policy.TestTextMatchingIsSpecific" name="test_empty_text" time="0.002" /><testcase classname="tests.test_fallback_policy.TestBlockingFailures" name="test_client_errors_switch_without_a_retry[400]" time="0.002" /><testcase classname="tests.test_fallback_policy.TestBlockingFailures" name="test_client_errors_switch_without_a_retry[401]" time="0.002" /><testcase classname="tests.test_fallback_policy.TestBlockingFailures" name="test_client_errors_switch_without_a_retry[402]" time="0.001" /><testcase classname="tests.test_fallback_policy.TestBlockingFailures" name="test_client_errors_switch_without_a_retry[403]" time="0.002" /><testcase classname="tests.test_fallback_policy.TestBlockingFailures" name="test_client_errors_switch_without_a_retry[404]" time="0.002" /><testcase classname="tests.test_fallback_policy.TestBlockingFailures" name="test_client_errors_switch_without_a_retry[422]" time="0.002" /><testcase classname="tests.test_fallback_policy.TestBlockingFailures" name="test_blocking_kinds_switch_without_a_retry[authentication]" time="0.001" /><testcase classname="tests.test_fallback_policy.TestBlockingFailures" name="test_blocking_kinds_switch_without_a_retry[permission]" time="0.001" /><testcase classname="tests.test_fallback_policy.TestBlockingFailures" name="test_blocking_kinds_switch_without_a_retry[content_filter]" time="0.002" /><testcase classname="tests.test_fallback_policy.TestBlockingFailures" name="test_blocking_kinds_switch_without_a_retry[refusal]" time="0.002" /><testcase classname="tests.test_fallback_policy.TestBlockingFailures" name="test_blocking_kinds_switch_without_a_retry[context_length]" time="0.001" /><testcase classname="tests.test_fallback_policy.TestBlockingFailures" name="test_an_explicit_do_not_retry_is_honoured_for_the_retry_only" time="0.001" /><testcase classname="tests.test_fallback_policy.TestBlockingFailures" name="test_a_successful_response_is_not_a_failure" time="0.001" /><testcase classname="tests.test_fallback_policy.TestSwitchDecision" name="test_availability_statuses_switch[408]" time="0.002" /><testcase classname="tests.test_fallback_policy.TestSwitchDecision" name="test_availability_statuses_switch[409]" time="0.001" /><testcase classname="tests.test_fallback_policy.TestSwitchDecision" name="test_availability_statuses_switch[429]" time="0.002" /><testcase classname="tests.test_fallback_policy.TestSwitchDecision" name="test_availability_statuses_switch[500]" time="0.001" /><testcase classname="tests.test_fallback_policy.TestSwitchDecision" name="test_availability_statuses_switch[502]" time="0.001" /><testcase classname="tests.test_fallback_policy.TestSwitchDecision" name="test_availability_statuses_switch[503]" time="0.002" /><testcase classname="tests.test_fallback_policy.TestSwitchDecision" name="test_availability_statuses_switch[599]" time="0.001" /><testcase classname="tests.test_fallback_policy.TestSwitchDecision" name="test_transient_kinds_switch[timeout]" time="0.002" /><testcase classname="tests.test_fallback_policy.TestSwitchDecision" name="test_transient_kinds_switch[connection]" time="0.002" /><testcase classname="tests.test_fallback_policy.TestSwitchDecision" name="test_transient_kinds_switch[server_error]" time="0.002" /><testcase classname="tests.test_fallback_policy.TestSwitchDecision" name="test_transient_kinds_switch[rate_limit]" time="0.001" /><testcase classname="tests.test_fallback_policy.TestSwitchDecision" name="test_transient_kinds_switch[overloaded]" time="0.002" /><testcase classname="tests.test_fallback_policy.TestSwitchDecision" name="test_provider_enums_still_allow_substring_matching" time="0.002" /><testcase classname="tests.test_fallback_policy.TestSwitchDecision" name="test_an_explicit_retry_hint_switches" time="0.002" /><testcase classname="tests.test_fallback_policy.TestSwitchDecision" name="test_an_unrecognized_error_switches_too" time="0.001" /><testcase classname="tests.test_fallback_policy.TestSwitchDecision" name="test_sanitized_upstream_and_generic_errors_switch" time="0.001" /><testcase classname="tests.test_fallback_policy.TestSwitchDecision" name="test_generic_error_with_a_client_status_switches_at_once" time="0.001" /><testcase classname="tests.test_fallback_policy.TestStickyBudget" name="test_transient_failures_use_the_full_budget" time="0.002" /><testcase classname="tests.test_fallback_policy.TestStickyBudget" name="test_definitive_failures_get_no_retry" time="0.001" /><testcase classname="tests.test_fallback_policy.TestStickyBudget" name="test_a_timeout_already_spent_its_window" time="0.002" /><testcase classname="tests.test_fallback_policy.TestStickyBudget" name="test_a_long_retry_after_switches_instead_of_waiting" time="0.002" /><testcase classname="tests.test_fallback_policy.TestStickyBudget" name="test_an_unclassified_glitch_gets_the_budget" time="0.001" /><testcase classname="tests.test_fallback_policy.TestStickyBudget" name="test_a_zero_or_negative_budget_stays_zero" time="0.001" /><testcase classname="tests.test_fallback_policy.TestCircuitCooldown" name="test_no_hint_means_the_default_breaker" time="0.002" /><testcase classname="tests.test_fallback_policy.TestCircuitCooldown" name="test_a_short_hint_is_a_sticky_wait_not_a_cooldown" time="0.002" /><testcase classname="tests.test_fallback_policy.TestCircuitCooldown" name="test_a_long_hint_skips_the_model_for_that_long" time="0.001" /><testcase classname="tests.test_fallback_policy.TestCircuitCooldown" name="test_the_cooldown_is_capped" time="0.002" /><testcase classname="tests.test_fallback_policy.TestCircuitCooldown" name="test_an_exhausted_account_is_skipped_for_the_full_cooldown" time="0.002" /><testcase classname="tests.test_fallback_policy.TestCircuitCooldown" name="test_a_load_balancer_error_is_not_an_empty_wallet" time="0.002" /><testcase classname="tests.test_fallback_policy.TestCircuitCooldown" name="test_a_malformed_hint_is_ignored" time="0.002" /><testcase classname="tests.test_fallback_policy.TestStickyRetryDecision" name="test_busy_endpoints_are_worth_waiting_for[409]" time="0.002" /><testcase classname="tests.test_fallback_policy.TestStickyRetryDecision" name="test_busy_endpoints_are_worth_waiting_for[429]" time="0.002" /><testcase classname="tests.test_fallback_policy.TestStickyRetryDecision" name="test_busy_endpoints_are_worth_waiting_for[500]" time="0.002" /><testcase classname="tests.test_fallback_policy.TestStickyRetryDecision" name="test_busy_endpoints_are_worth_waiting_for[502]" time="0.002" /><testcase classname="tests.test_fallback_policy.TestStickyRetryDecision" name="test_busy_endpoints_are_worth_waiting_for[503]" time="0.002" /><testcase classname="tests.test_fallback_policy.TestStickyRetryDecision" name="test_busy_endpoints_are_worth_waiting_for[504]" time="0.002" /><testcase classname="tests.test_fallback_policy.TestStickyRetryDecision" name="test_exhausted_accounts_are_not_worth_waiting_for[err0]" time="0.002" /><testcase classname="tests.test_fallback_policy.TestStickyRetryDecision" name="test_exhausted_accounts_are_not_worth_waiting_for[err1]" time="0.002" /><testcase classname="tests.test_fallback_policy.TestStickyRetryDecision" name="test_exhausted_accounts_are_not_worth_waiting_for[err2]" time="0.002" /><testcase classname="tests.test_fallback_policy.TestStickyRetryDecision" name="test_exhausted_accounts_are_not_worth_waiting_for[err3]" time="0.002" /><testcase classname="tests.test_fallback_policy.TestStickyRetryDecision" name="test_a_blocking_failure_is_never_retried" time="0.002" /><testcase classname="tests.test_fallback_policy.TestStickyRetryDecision" name="test_a_transient_kind_without_status_is_retried" time="0.002" /><testcase classname="tests.test_fallback_policy.TestStickyRetryDecision" name="test_a_non_retryable_status_is_not_retried" time="0.002" /><testcase classname="tests.test_fallback_policy.TestStickyRetryDecision" name="test_a_timeout_is_not_retried_on_the_same_model" time="0.002" /><testcase classname="tests.test_fallback_policy.TestRetryDelay" name="test_the_wait_grows_between_attempts" time="0.002" /><testcase classname="tests.test_fallback_policy.TestRetryDelay" name="test_the_provider_hint_wins_over_our_guess" time="0.002" /><testcase classname="tests.test_fallback_policy.TestRetryDelay" name="test_an_absurd_hint_is_capped" time="0.002" /><testcase classname="tests.test_fallback_policy.TestRetryDelay" name="test_a_malformed_hint_falls_back_to_backoff" time="0.002" /><testcase classname="tests.test_fallback_policy.TestRetryDelay" name="test_the_backoff_is_capped" time="0.002" /><testcase classname="tests.test_fallback_policy.TestRetryDelay" name="test_no_response_still_yields_a_wait" time="0.002" /><testcase classname="tests.test_fallback_policy.TestRetryDelay" name="test_the_sticky_ceiling_is_hard" time="0.001" /><testcase classname="tests.test_fallback_policy.TestJitter" name="test_a_retry_is_never_pulled_earlier" time="0.002" /><testcase classname="tests.test_fallback_policy.TestJitter" name="test_the_spread_stays_within_its_ratio" time="0.002" /><testcase classname="tests.test_fallback_policy.TestJitter" name="test_nothing_to_wait_stays_nothing" time="0.002" /><testcase classname="tests.test_fallback_policy.TestJitter" name="test_the_roll_drives_the_result" time="0.001" /><testcase classname="tests.test_fallback_policy.TestJitter" name="test_clients_sharing_one_limit_land_apart" time="0.002" /><testcase classname="tests.test_fallback_policy.TestSwitchNotice" name="test_the_notice_names_both_models" time="0.002" /><testcase classname="tests.test_fallback_policy.TestStickyPrimary" name="test_the_chosen_model_is_retried_before_any_switch" time="0.002" /><testcase classname="tests.test_fallback_policy.TestStickyPrimary" name="test_retries_are_bounded_then_the_switch_happens" time="0.002" /><testcase classname="tests.test_fallback_policy.TestStickyPrimary" name="test_a_definitive_failure_switches_without_a_retry[err0]" time="0.002" /><testcase classname="tests.test_fallback_policy.TestStickyPrimary" name="test_a_definitive_failure_switches_without_a_retry[err1]" time="0.003" /><testcase classname="tests.test_fallback_policy.TestStickyPrimary" name="test_a_definitive_failure_switches_without_a_retry[err2]" time="0.003" /><testcase classname="tests.test_fallback_policy.TestStickyPrimary" name="test_a_definitive_failure_switches_without_a_retry[err3]" time="0.002" /><testcase classname="tests.test_fallback_policy.TestStickyPrimary" name="test_a_definitive_failure_switches_without_a_retry[err4]" time="0.002" /><testcase classname="tests.test_fallback_policy.TestStickyPrimary" name="test_a_definitive_failure_switches_without_a_retry[err5]" time="0.002" /><testcase classname="tests.test_fallback_policy.TestStickyPrimary" name="test_an_unclassified_error_is_retried_then_switched" time="0.002" /><testcase classname="tests.test_fallback_policy.TestStickyPrimary" name="test_a_long_retry_after_opens_the_circuit_for_the_next_steps" time="0.003" /><testcase classname="tests.test_fallback_policy.TestStickyPrimary" name="test_the_circuit_closes_again_on_a_success" time="0.003" /><testcase classname="tests.test_fallback_policy.TestStickyPrimary" name="test_a_first_try_success_costs_nothing_extra" time="0.002" /><testcase classname="tests.test_fallback_policy.TestStickinessIsScoped" name="test_the_free_chain_hops_immediately" time="0.002" /><testcase classname="tests.test_fallback_policy.TestStickinessIsScoped" name="test_a_negative_setting_is_clamped" time="0.002" /><testcase classname="tests.test_fallback_policy.TestLadderAndChainCompose" name="test_the_rule_holds_inside_the_outer_ladder" time="0.005" /><testcase classname="tests.test_fallback_policy.TestLadderAndChainCompose" name="test_chat_with_retry_gives_a_chain_one_extra_pass" time="0.005" /><testcase classname="tests.test_fallback_policy.TestLadderAndChainCompose" name="test_a_single_model_keeps_the_full_ladder" time="0.003" /><testcase classname="tests.test_fallback_policy.TestLadderAndChainCompose" name="test_a_stalled_provider_gets_one_retry_not_the_whole_ladder" time="0.003" /><testcase classname="tests.test_fallback_policy.TestLadderAndChainCompose" name="test_direct_chat_keeps_the_sticky_wait" time="0.003" /><testcase classname="tests.test_fallback_policy.TestSwitchIsAnnounced" name="test_a_switch_notifies_with_both_model_names" time="0.003" /><testcase classname="tests.test_fallback_policy.TestSwitchIsAnnounced" name="test_an_async_callback_is_awaited" time="0.002" /><testcase classname="tests.test_fallback_policy.TestSwitchIsAnnounced" name="test_no_switch_means_no_notification" time="0.003" /><testcase classname="tests.test_fallback_policy.TestSwitchIsAnnounced" name="test_a_failing_callback_never_breaks_the_turn" time="0.004" /><testcase classname="tests.test_fallback_policy.TestNoticeReachesTheUser" name="test_the_provider_publishes_through_the_registered_publisher" time="0.003" /><testcase classname="tests.test_fallback_policy.TestNoticeReachesTheUser" name="test_nothing_registered_is_silent_not_fatal" time="0.002" /><testcase classname="tests.test_fallback_policy.TestNoticeReachesTheUser" name="test_an_identical_model_is_not_reported_as_a_switch" time="0.002" /><testcase classname="tests.test_fallback_policy.TestNoticeReachesTheUser" name="test_a_broken_publisher_never_breaks_the_turn" time="0.002" /><testcase classname="tests.test_fallback_policy.TestNoticeReachesTheUser" name="test_the_bus_event_becomes_a_user_facing_notice" time="0.002" /><testcase classname="tests.test_fallback_policy.TestNoticeReachesTheUser" name="test_the_publisher_emits_on_the_runtime_bus" time="0.002" /><testcase classname="tests.test_fallback_policy.TestStreamedFailover" name="test_a_502_after_partial_stream_still_switches" time="0.002" /><testcase classname="tests.test_fallback_policy.TestStreamedFailover" name="test_a_400_after_partial_stream_switches_in_a_new_segment" time="0.002" /><testcase classname="tests.test_web_search_fallback.DdgRedirectUnwrapTest" name="test_plain_url_is_left_alone" time="0.002" /><testcase classname="tests.test_web_search_fallback.DdgRedirectUnwrapTest" name="test_uddg_redirect_is_decoded" time="0.076" /><testcase classname="tests.test_web_search_fallback.DdgHtmlParsingTest" name="test_result_and_snippet_regexes_match_the_html_layout" time="0.005" /><testcase classname="tests.test_web_search_fallback.DuckDuckGoFallbackTest" name="test_ddgs_failure_uses_the_html_fallback" time="0.006" /><testcase classname="tests.test_web_search_fallback.DuckDuckGoFallbackTest" name="test_double_failure_points_to_the_browser_tool" time="0.008" /><testcase classname="tests.test_web_search_fallback.DuckDuckGoFallbackTest" name="test_empty_ddgs_results_still_try_the_html_fallback" time="0.007" /><testcase classname="tests.test_sandbox.WrapCommandDispatchTest" name="test_an_unknown_backend_is_rejected" time="0.003" /><testcase classname="tests.test_sandbox.WrapCommandDispatchTest" name="test_bwrap_builds_a_bwrap_command_line" time="0.015" /><testcase classname="tests.test_sandbox.WrapCommandDispatchTest" name="test_bwrap_is_linux_only" time="0.005" /><testcase classname="tests.test_sandbox.WrapCommandDispatchTest" name="test_bwrap_without_the_binary_says_so_instead_of_failing_every_command" time="0.004" /><testcase classname="tests.test_sandbox.WrapCommandDispatchTest" name="test_native_is_an_alias_for_the_os_sandbox" time="0.013" /><testcase classname="tests.test_sandbox.LandlockWrappingTest" name="test_a_helper_that_exits_125_runs_unconfined" time="0.008" /><testcase classname="tests.test_sandbox.LandlockWrappingTest" name="test_a_missing_binary_runs_unconfined_unless_strict" time="0.005" /><testcase classname="tests.test_sandbox.LandlockWrappingTest" name="test_an_unrunnable_binary_runs_unconfined_unless_strict" time="0.006" /><testcase classname="tests.test_sandbox.LandlockWrappingTest" name="test_compile_copies_the_release_binary" time="0.007" /><testcase classname="tests.test_sandbox.LandlockWrappingTest" name="test_ensure_compiles_when_the_locator_is_empty" time="0.004" /><testcase classname="tests.test_sandbox.LandlockWrappingTest" name="test_ensure_required_raises_when_compile_cannot_run" time="0.004" /><testcase classname="tests.test_sandbox.LandlockWrappingTest" name="test_frozen_tree_is_searched_for_the_binary" time="0.008" /><testcase classname="tests.test_sandbox.LandlockWrappingTest" name="test_the_wrapper_names_the_binary_workspace_and_shell" time="0.013" /><testcase classname="tests.test_sandbox.StrictModeTest" name="test_bwrap_ignores_strict_it_is_already_fail_closed" time="0.022" /><testcase classname="tests.test_sandbox.StrictModeTest" name="test_native_passes_chdir_and_host_write_grants" time="0.012" /><testcase classname="tests.test_sandbox.StrictModeTest" name="test_strict_passes_the_flag_to_the_binary" time="0.006" /><testcase classname="tests.test_sandbox.StrictModeTest" name="test_the_default_stays_fail_open" time="0.007" /><testcase classname="tests.test_sandbox.LandlockEnforcementTest" name="test_a_write_inside_the_workspace_succeeds" time="0.012" /><testcase classname="tests.test_sandbox.LandlockEnforcementTest" name="test_a_write_outside_the_workspace_is_refused" time="0.015" /><testcase classname="tests.test_sandbox.LandlockEnforcementTest" name="test_chdir_writes_in_a_workspace_subdir" time="0.014" /><testcase classname="tests.test_sandbox.LandlockEnforcementTest" name="test_reading_the_system_still_works" time="0.013" /><testcase classname="tests.test_sandbox.PackagedSandboxMustShipTest" name="test_ci_installs_rust_before_the_editable_install" time="0.002" /><testcase classname="tests.test_sandbox.PackagedSandboxMustShipTest" name="test_filesystem_and_git_never_go_through_the_sandbox_wrapper" time="0.002" /><testcase classname="tests.test_sandbox.PackagedSandboxMustShipTest" name="test_hatch_compiles_it_on_editable_install" time="0.002" /><testcase classname="tests.test_sandbox.PackagedSandboxMustShipTest" name="test_linux_and_macos_builds_refuse_a_missing_binary" time="0.002" /><testcase classname="tests.test_sandbox.PackagedSandboxMustShipTest" name="test_linux_tauri_embed_gates_on_it" time="0.002" /><testcase classname="tests.test_sandbox.PackagedSandboxMustShipTest" name="test_macos_desktop_and_smoke_test_gate_on_it" time="0.002" /><testcase classname="tests.test_sandbox.PackagedSandboxMustShipTest" name="test_pyinstaller_refuses_to_collect_without_it" time="0.002" /><testcase classname="tests.test_sandbox.PackagedSandboxMustShipTest" name="test_windows_tauri_build_and_smoke_test_gate_on_it" time="0.002" /><testcase classname="tests.test_terminal_sandbox.SandboxedLaunchShapeTest" name="test_a_crashing_helper_lookup_does_not_block_the_terminal" time="0.002" /><testcase classname="tests.test_terminal_sandbox.SandboxedLaunchShapeTest" name="test_no_helper_means_a_plain_shell" time="0.003" /><testcase classname="tests.test_terminal_sandbox.SandboxedLaunchShapeTest" name="test_the_shell_becomes_the_helpers_command" time="0.004" /><testcase classname="tests.test_terminal_sandbox.IsolatedTerminalLiveTest" name="test_a_normal_terminal_is_never_wrapped" time="0.018" /><testcase classname="tests.test_terminal_sandbox.IsolatedTerminalLiveTest" name="test_the_isolated_shell_is_confined_to_the_project" time="0.022" /><testcase classname="tests.test_terminal_sandbox.IsolatedTerminalLiveTest" name="test_without_the_helper_the_shell_opens_unconfined_and_says_so" time="0.021" /><testcase classname="tests.test_terminal_cwd.TerminalCwdTest" name="test_a_file_falls_back_to_the_folder_holding_it" time="0.005" /><testcase classname="tests.test_terminal_cwd.TerminalCwdTest" name="test_a_folder_inside_the_project_is_honoured" time="0.003" /><testcase classname="tests.test_terminal_cwd.TerminalCwdTest" name="test_a_missing_path_falls_back_to_the_project" time="0.003" /><testcase classname="tests.test_terminal_cwd.TerminalCwdTest" name="test_a_path_outside_the_project_falls_back_to_the_project" time="0.003" /><testcase classname="tests.test_terminal_cwd.TerminalCwdTest" name="test_a_symlink_pointing_out_of_the_project_is_refused" time="0.005" /><testcase classname="tests.test_terminal_cwd.TerminalCwdTest" name="test_nothing_requested_means_the_project" time="0.004" /><testcase classname="tests.test_terminal_cwd.FullAccessTerminalCwdTest" name="test_a_file_outside_the_scope_falls_back_to_its_folder" time="0.005" /><testcase classname="tests.test_terminal_cwd.FullAccessTerminalCwdTest" name="test_a_missing_path_still_falls_back_to_the_project" time="0.004" /><testcase classname="tests.test_terminal_cwd.FullAccessTerminalCwdTest" name="test_an_existing_folder_outside_the_scope_is_honoured" time="0.005" /><testcase classname="tests.test_terminal_cwd.FullAccessTerminalCwdTest" name="test_nothing_requested_still_means_the_project" time="0.005" /><testcase classname="tests.test_terminal_session.ManagerTest" name="test_a_dropped_connection_ends_every_shell_on_it" time="0.003" /><testcase classname="tests.test_terminal_session.ManagerTest" name="test_closing_an_unknown_terminal_is_not_an_error" time="0.002" /><testcase classname="tests.test_terminal_session.ManagerTest" name="test_closing_ends_the_shell_and_forgets_it" time="0.003" /><testcase classname="tests.test_terminal_session.ManagerTest" name="test_discarding_forgets_without_ending" time="0.003" /><testcase classname="tests.test_terminal_session.ManagerTest" name="test_scrollback_goes_with_the_session" time="0.003" /><testcase classname="tests.test_terminal_session.PrepareLaunchTest" name="test_a_directory_that_no_longer_exists_falls_back_to_home" time="0.003" /><testcase classname="tests.test_terminal_session.PrepareLaunchTest" name="test_a_project_in_a_distribution_gets_that_distributions_shell" time="0.003" /><testcase classname="tests.test_terminal_session.PrepareLaunchTest" name="test_an_ordinary_windows_project_is_untouched" time="0.004" /><testcase classname="tests.test_terminal_session.PrepareLaunchTest" name="test_choosing_a_windows_shell_gets_a_directory_windows_can_use" time="0.004" /><testcase classname="tests.test_terminal_session.PrepareLaunchTest" name="test_choosing_that_distribution_by_hand_still_lands_in_the_project" time="0.004" /><testcase classname="tests.test_terminal_session.PrepareLaunchTest" name="test_the_distribution_name_is_matched_case_insensitively" time="0.004" /><testcase classname="tests.test_terminal_session.PrepareLaunchTest" name="test_without_wsl_installed_the_path_is_left_to_the_normal_shell" time="0.005" /><testcase classname="tests.test_terminal_session.WslRootsTest" name="test_a_distribution_root_points_at_a_path_windows_can_open" time="0.005" /><testcase classname="tests.test_terminal_session.WslRootsTest" name="test_a_distribution_that_is_not_running_is_still_offered" time="0.004" /><testcase classname="tests.test_terminal_session.WslRootsTest" name="test_other_hosts_are_not_offered_distributions" time="0.131" /><testcase classname="tests.test_terminal_session.WslRootsTest" name="test_windows_offers_each_distribution" time="0.004" /><testcase classname="tests.test_terminal_session.WindowsHelpersAreInertElsewhereTest" name="test_a_missing_pid_is_never_killed" time="0.004" /><testcase classname="tests.test_terminal_session.WindowsHelpersAreInertElsewhereTest" name="test_the_hidden_console_is_not_allocated_off_windows" time="0.003" /><testcase classname="tests.test_terminal_session.WindowsHelpersAreInertElsewhereTest" name="test_the_tree_kill_does_nothing_off_windows" time="0.004" /><testcase classname="tests.test_terminal_session.WindowsHelpersAreInertElsewhereTest" name="test_the_tree_kill_falls_back_when_native_fails" time="0.004" /><testcase classname="tests.test_terminal_session.WindowsHelpersAreInertElsewhereTest" name="test_the_tree_kill_prefers_the_native_extension" time="0.004" /><testcase classname="tests.test_terminal_session.WindowsHelpersAreInertElsewhereTest" name="test_the_tree_kill_survives_taskkill_being_absent" time="0.004" /><testcase classname="tests.test_terminal_session.WindowsHelpersAreInertElsewhereTest" name="test_the_tree_kill_walks_children_on_windows" time="0.004" /><testcase classname="tests.test_terminal_session.ConPtySessionTest" name="test_spawn_write_read_resize_and_close" time="0.058" /><testcase classname="tests.test_terminal_session.ConPtyLiveTest" name="test_powershell_echo_roundtrip" time="0.000"><skipped type="pytest.skip" message="ConPTY requires Windows">/home/aymen/projects/deploy7/navin-ai-v2/tests/test_terminal_session.py:391: ConPTY requires Windows</skipped></testcase><testcase classname="tests.test_terminal_session.UnixCtrlCTest" name="test_etx_stops_a_sleeping_child" time="0.216" /><testcase classname="tests.test_terminal_session.UnixCtrlCTest" name="test_spawn_installs_a_controlling_tty_hook" time="0.004" /><testcase classname="tests.test_exec_sandbox_status.ResultNoteTest" name="test_a_failure_inside_the_sandbox_points_at_the_way_out" time="0.002" /><testcase classname="tests.test_exec_sandbox_status.ResultNoteTest" name="test_a_lifted_run_is_recorded_even_on_success" time="0.002" /><testcase classname="tests.test_exec_sandbox_status.ResultNoteTest" name="test_a_permission_denial_is_named_as_such" time="0.002" /><testcase classname="tests.test_exec_sandbox_status.ResultNoteTest" name="test_a_still_running_session_gets_no_failure_hint" time="0.002" /><testcase classname="tests.test_exec_sandbox_status.ResultNoteTest" name="test_a_success_inside_the_sandbox_adds_nothing" time="0.002" /><testcase classname="tests.test_exec_sandbox_status.ResultNoteTest" name="test_an_unconfined_run_adds_nothing" time="0.002" /><testcase classname="tests.test_exec_sandbox_status.PreparedCommandKnowsItsConfinementTest" name="test_a_missing_helper_is_not_reported_as_sandboxed" time="0.004" /><testcase classname="tests.test_exec_sandbox_status.PreparedCommandKnowsItsConfinementTest" name="test_a_refusal_keeps_the_command_from_running" time="0.003" /><testcase classname="tests.test_exec_sandbox_status.PreparedCommandKnowsItsConfinementTest" name="test_no_sandbox_configured_means_unconfined" time="0.003" /><testcase classname="tests.test_exec_sandbox_status.PreparedCommandKnowsItsConfinementTest" name="test_nobody_to_ask_means_the_sandbox_stays_on" time="0.003" /><testcase classname="tests.test_exec_sandbox_status.PreparedCommandKnowsItsConfinementTest" name="test_the_native_sandbox_is_reported_only_when_it_wraps" time="0.005" /><testcase classname="tests.test_exec_sandbox_status.PreparedCommandKnowsItsConfinementTest" name="test_the_strict_profile_never_asks_and_never_lifts" time="0.003" /><testcase classname="tests.test_exec_sandbox_status.PreparedCommandKnowsItsConfinementTest" name="test_unsandboxed_is_a_no_op_without_a_configured_sandbox" time="0.003" /><testcase classname="tests.test_exec_sandbox_status.PreparedCommandKnowsItsConfinementTest" name="test_unsandboxed_runs_unconfined_once_the_user_allows" time="0.003" /><testcase classname="tests.test_exec_sandbox_status.ActivityCardIsToldFirstTest" name="test_meta_event_carries_the_sandbox_on_the_output_phase" time="0.002" /><testcase classname="tests.test_exec_sandbox_status.ActivityCardIsToldFirstTest" name="test_nothing_is_emitted_without_facts_or_emitter" time="0.002" /><testcase classname="tests.test_exec_sandbox_status.ActivityCardIsToldFirstTest" name="test_the_exec_tool_announces_before_running" time="0.002" /><testcase classname="tests.test_exec_sandbox_status.SandboxedRunEndToEndTest" name="test_a_clean_run_inside_the_sandbox_has_no_footer" time="0.017" /><testcase classname="tests.test_exec_sandbox_status.SandboxedRunEndToEndTest" name="test_a_denied_write_is_explained_to_the_model" time="0.013" /><testcase classname="tests.test_exec_sandbox_status.SandboxedRunEndToEndTest" name="test_an_approved_lift_is_recorded_in_the_result" time="0.008" /><testcase classname="tests.test_exec_sandbox_status.TerminalPrefixTest" name="test_no_helper_means_no_prefix" time="0.003" /><testcase classname="tests.test_exec_sandbox_status.TerminalPrefixTest" name="test_the_prefix_has_no_command_tail" time="0.006" /><testcase classname="tests.test_worktree.WorktreeTest" name="test_a_brand_new_file_is_reported_too" time="0.074" /><testcase classname="tests.test_worktree.WorktreeTest" name="test_a_deliverable_inside_a_hook_created_directory_is_not_subtracted" time="0.110" /><testcase classname="tests.test_worktree.WorktreeTest" name="test_a_hook_that_dirties_every_new_checkout_is_not_blamed_on_the_subagent" time="0.091" /><testcase classname="tests.test_worktree.WorktreeTest" name="test_a_modified_file_is_reported" time="0.072" /><testcase classname="tests.test_worktree.WorktreeTest" name="test_a_repository_git_cannot_read_reports_unknown_not_empty" time="0.073" /><testcase classname="tests.test_worktree.WorktreeTest" name="test_a_repository_without_reflogs_reports_unknown" time="0.077" /><testcase classname="tests.test_worktree.WorktreeTest" name="test_an_edit_there_does_not_reach_the_users_tree" time="0.064" /><testcase classname="tests.test_worktree.WorktreeTest" name="test_an_untouched_checkout_reports_nothing" time="0.087" /><testcase classname="tests.test_worktree.WorktreeTest" name="test_editing_the_very_file_a_hook_wrote_still_counts" time="0.106" /><testcase classname="tests.test_worktree.WorktreeTest" name="test_inspecting_does_not_stage_anything" time="0.074" /><testcase classname="tests.test_worktree.WorktreeTest" name="test_it_lives_outside_the_project" time="0.060" /><testcase classname="tests.test_worktree.WorktreeTest" name="test_output_the_project_ignores_still_counts" time="0.088" /><testcase classname="tests.test_worktree.WorktreeTest" name="test_removal_leaves_no_trace" time="0.072" /><testcase classname="tests.test_worktree.WorktreeTest" name="test_the_checkout_has_the_repository_content" time="0.064" /><testcase classname="tests.test_worktree.WorktreeTest" name="test_the_users_branch_is_not_moved" time="0.082" /><testcase classname="tests.test_worktree.WorktreeTest" name="test_two_subagents_get_separate_trees" time="0.113" /><testcase classname="tests.test_worktree.WorktreeTest" name="test_work_committed_then_tidied_away_still_counts" time="0.112" /><testcase classname="tests.test_worktree.WorktreeTest" name="test_work_the_subagent_committed_still_counts" time="0.119" /><testcase classname="tests.test_worktree.WorktreePoolTest" name="test_an_empty_checkout_is_reused_from_the_pool" time="0.123" /><testcase classname="tests.test_worktree.WorktreePoolTest" name="test_pool_size_zero_always_removes" time="0.056" /><testcase classname="tests.test_worktree.WorktreePoolTest" name="test_release_resets_edits_before_reuse" time="0.072" /><testcase classname="tests.test_worktree.WorktreePoolTest" name="test_the_pool_is_capped" time="0.141" /><testcase classname="tests.test_worktree.UnsupportedWorkspaceTest" name="test_a_plain_directory_yields_no_checkout" time="0.006" /><testcase classname="tests.test_worktree.UnsupportedWorkspaceTest" name="test_a_repository_with_no_commit_yields_no_checkout" time="0.022" /><testcase classname="tests.test_worktree.WorktreeCreateLimitTest" name="test_creates_are_gated" time="0.005" /><testcase classname="tests.test_worktree.WorktreeCreateLimitTest" name="test_the_create_path_passes_the_longer_timeout" time="0.049" /><testcase classname="tests.test_network_policy.DefaultTest" name="test_a_command_naming_localhost_is_not_flagged" time="0.005" /><testcase classname="tests.test_network_policy.DefaultTest" name="test_a_fresh_config_leaves_protection_off" time="0.004" /><testcase classname="tests.test_network_policy.DefaultTest" name="test_the_dev_server_is_reachable" time="0.005" /><testcase classname="tests.test_network_policy.DefaultTest" name="test_the_switch_is_off_out_of_the_box" time="0.004" /><testcase classname="tests.test_network_policy.EnabledTest" name="test_a_command_naming_localhost_is_flagged_again" time="0.003" /><testcase classname="tests.test_network_policy.EnabledTest" name="test_private_targets_are_refused_again" time="0.005" /><testcase classname="tests.test_network_policy.EnabledTest" name="test_the_narrow_loopback_exception_is_unaffected" time="0.002" /><testcase classname="tests.test_network_policy.EnabledTest" name="test_the_whitelist_still_carves_out_a_range" time="0.002" /><testcase classname="tests.test_network_policy.SchemeTest" name="test_a_non_http_scheme_is_refused_either_way" time="0.003" /><testcase classname="tests.test_browser_dialogs.DialogHandlingTest" name="test_a_confirm_is_dismissed_not_accepted" time="0.004" /><testcase classname="tests.test_browser_dialogs.DialogHandlingTest" name="test_a_dialog_playwright_already_closed_does_not_raise" time="0.004" /><testcase classname="tests.test_browser_dialogs.DialogHandlingTest" name="test_an_alert_is_dismissed_so_actions_do_not_hang" time="0.004" /><testcase classname="tests.test_browser_dialogs.DialogHandlingTest" name="test_beforeunload_is_accepted_so_navigation_proceeds" time="0.004" /><testcase classname="tests.test_browser_dialogs.DialogHandlingTest" name="test_the_dialog_message_reaches_the_console_log" time="0.005" /><testcase classname="tests.test_browser_dialogs.PopupHandlingTest" name="test_the_popup_gets_the_same_handlers" time="0.004" /><testcase classname="tests.test_browser_dialogs.PopupHandlingTest" name="test_the_session_follows_the_new_page" time="0.004" /><testcase classname="tests.test_browser_dialogs.PopupHandlingTest" name="test_the_switch_is_recorded_in_the_console_log" time="0.004" /><testcase classname="tests.test_browser_ssrf_guard.BrowserNavigationGuardTest" name="test_protection_off_never_blocks_or_resolves" time="0.002" /><testcase classname="tests.test_browser_ssrf_guard.BrowserNavigationGuardTest" name="test_protection_on_blocks_metadata_endpoint" time="0.002" /><testcase classname="tests.test_browser_ssrf_guard.BrowserNavigationGuardTest" name="test_protection_on_blocks_private_ranges" time="0.002" /><testcase classname="tests.test_browser_ssrf_guard.BrowserNavigationGuardTest" name="test_protection_on_keeps_loopback_for_dev_servers" time="0.002" /><testcase classname="tests.test_computer_native.Win32ContractTest" name="test_close_releases_held_keys_and_buttons" time="0.003" /><testcase classname="tests.test_computer_native.Win32ContractTest" name="test_failed_shortcut_releases_pressed_modifiers" time="0.003" /><testcase classname="tests.test_computer_native.Win32ContractTest" name="test_gdi_allocation_failure_releases_only_allocated_resources" time="0.003" /><testcase classname="tests.test_computer_native.Win32ContractTest" name="test_gdi_capture_failure_restores_original_bitmap" time="0.003" /><testcase classname="tests.test_computer_native.Win32ContractTest" name="test_gdi_deselects_bitmap_before_reading_pixels_and_releases_handles" time="0.003" /><testcase classname="tests.test_computer_native.Win32ContractTest" name="test_input_layout_matches_windows_abi_on_32_and_64_bit_hosts" time="0.003" /><testcase classname="tests.test_computer_native.Win32ContractTest" name="test_invalid_window_cannot_report_focus_success" time="0.003" /><testcase classname="tests.test_computer_native.Win32ContractTest" name="test_keyboard_layout_api_receives_a_wide_character" time="0.015" /><testcase classname="tests.test_computer_native.Win32ContractTest" name="test_negative_monitor_origin_is_mapped_to_absolute_virtual_desktop" time="0.002" /><testcase classname="tests.test_computer_native.Win32ContractTest" name="test_non_bmp_text_sends_utf16_surrogates" time="0.003" /><testcase classname="tests.test_computer_native.Win32ContractTest" name="test_partial_unicode_injection_sends_the_missing_keyup" time="0.003" /><testcase classname="tests.test_computer_native.Win32ContractTest" name="test_win32_handles_and_callbacks_are_declared_as_pointer_sized" time="0.003" /><testcase classname="tests.test_computer_native.MacOSContractTest" name="test_accessibility_request_opens_settings_when_permission_is_pending" time="0.002" /><testcase classname="tests.test_computer_native.MacOSContractTest" name="test_automation_permission_failure_is_reported" time="0.004" /><testcase classname="tests.test_computer_native.MacOSContractTest" name="test_denied_accessibility_releases_event_without_posting_it" time="0.002" /><testcase classname="tests.test_computer_native.MacOSContractTest" name="test_denied_screen_permission_never_captures_wallpaper_as_success" time="0.003" /><testcase classname="tests.test_computer_native.MacOSContractTest" name="test_disappeared_window_does_not_report_focus_success" time="0.003" /><testcase classname="tests.test_computer_native.MacOSContractTest" name="test_failed_shortcut_releases_already_pressed_modifiers" time="0.003" /><testcase classname="tests.test_computer_native.MacOSContractTest" name="test_key_release_still_runs_after_permission_is_revoked" time="0.002" /><testcase classname="tests.test_computer_native.MacOSContractTest" name="test_retina_capture_preserves_negative_origins_and_click_coordinates" time="0.008" /><testcase classname="tests.test_computer_native.MacOSContractTest" name="test_unicode_key_event_contains_both_surrogate_units" time="0.003" /><testcase classname="tests.test_computer_native.NativePackagingTest" name="test_explicit_foreign_backend_does_not_silently_control_a_different_desktop" time="0.002" /><testcase classname="tests.test_computer_native.NativePackagingTest" name="test_tauri_and_sidecar_entitlements_include_application_automation" time="0.004" /><testcase classname="tests.test_computer_backends.MacKeyMappingTest" name="test_layout_specific_character_falls_back_to_unicode" time="0.003" /><testcase classname="tests.test_computer_backends.MacKeyMappingTest" name="test_letters_digits_and_named_keys" time="0.003" /><testcase classname="tests.test_computer_backends.MacKeyMappingTest" name="test_png_size" time="0.003" /><testcase classname="tests.test_computer_backends.MacKeyMappingTest" name="test_shifted_punctuation_uses_base_key_with_shift" time="0.003" /><testcase classname="tests.test_computer_backends.MacKeyMappingTest" name="test_unknown_named_key_is_reported" time="0.003" /><testcase classname="tests.test_computer_backends.PortalSessionTest" name="test_refusal_becomes_permission_error" time="0.034" /><testcase classname="tests.test_computer_backends.PortalSessionTest" name="test_requests_without_helper_fail_cleanly" time="0.003" /><testcase classname="tests.test_computer_backends.PortalSessionTest" name="test_start_parses_streams_and_saves_restore_token" time="0.036" /><testcase classname="tests.test_computer_backends.PortalSessionTest" name="test_start_reuses_saved_token" time="0.033" /><testcase classname="tests.test_computer_backends.WaylandBackendTest" name="test_click_scroll_and_keys_go_through_the_portal" time="0.435" /><testcase classname="tests.test_computer_backends.WaylandBackendTest" name="test_close_releases_held_buttons_and_portal" time="0.485" /><testcase classname="tests.test_computer_backends.WaylandBackendTest" name="test_move_targets_the_right_stream_in_logical_coordinates" time="0.336" /><testcase classname="tests.test_computer_backends.WaylandBackendTest" name="test_no_driver_gives_actionable_error" time="0.568" /><testcase classname="tests.test_computer_backends.WaylandBackendTest" name="test_screen_is_union_of_streams_in_pixels" time="0.193" /><testcase classname="tests.test_computer_backends.WaylandDetectTest" name="test_requested_wayland_backend_instantiates_lazily" time="0.305" /><testcase classname="tests.test_computer_routing.GroundingCapabilityTest" name="test_declared_modalities_win_over_the_family_list" time="0.002" /><testcase classname="tests.test_computer_routing.GroundingCapabilityTest" name="test_grounding_models_are_recognised" time="0.003" /><testcase classname="tests.test_computer_routing.GroundingCapabilityTest" name="test_text_only_models_never_ground" time="0.002" /><testcase classname="tests.test_computer_routing.GroundingCapabilityTest" name="test_vision_without_grounding" time="0.002" /><testcase classname="tests.test_computer_routing.ComputerRouteTest" name="test_desktop_phrases_in_both_languages" time="0.004" /><testcase classname="tests.test_computer_routing.ComputerRouteTest" name="test_plain_chat_and_browsing_do_not_route" time="0.003" /><testcase classname="tests.test_computer_routing.ComputerRouteTest" name="test_route_resolves_only_the_computer_role" time="0.002" /><testcase classname="tests.test_computer_routing.ComputerRouteTest" name="test_unknown_pre
[...]
skips_unimportable_skill_libraries" time="0.002" /><testcase classname="tests.test_packaged_parity.OpenSslDedupeTest" name="test_the_newest_linked_copy_replaces_the_collected_one" time="0.003" /><testcase classname="tests.test_packaged_parity.OpenSslDedupeTest" name="test_the_smoke_test_checks_document_libraries_without_weasyprint" time="0.002" /><testcase classname="tests.test_packaged_parity.OpenSslDedupeTest" name="test_the_smoke_test_loads_cryptography_against_the_bundle" time="0.002" /><testcase classname="tests.test_packaged_parity.OpenSslDedupeTest" name="test_the_version_is_read_from_the_banner" time="0.002" /><testcase classname="tests.test_packaged_parity.OpenSslDedupeTest" name="test_windows_smoke_test_imports_the_five_studio_desks" time="0.002" /><testcase classname="tests.test_packaged_parity.CliLinkTest" name="test_a_source_install_is_told_it_needs_nothing" time="0.003" /><testcase classname="tests.test_packaged_parity.CliLinkTest" name="test_it_leaves_someone_elses_file_alone_unless_forced" time="0.004" /><testcase classname="tests.test_packaged_parity.CliLinkTest" name="test_it_links_the_command_to_this_executable" time="0.003" /><testcase classname="tests.test_packaged_parity.CliLinkTest" name="test_it_says_so_when_the_directory_is_not_on_path" time="0.003" /><testcase classname="tests.test_packaged_parity.ReinstallTest" name="test_a_pip_install_on_path_is_never_touched" time="0.005" /><testcase classname="tests.test_packaged_parity.ReinstallTest" name="test_an_appimage_links_to_the_image_not_its_temporary_mount" time="0.003" /><testcase classname="tests.test_packaged_parity.ReinstallTest" name="test_an_old_bundle_still_on_path_counts_as_stale" time="0.005" /><testcase classname="tests.test_packaged_parity.ReinstallTest" name="test_it_refuses_to_link_into_a_temporary_mount" time="0.003" /><testcase classname="tests.test_packaged_parity.ReinstallTest" name="test_the_current_install_is_not_reported_stale" time="0.004" /><testcase classname="tests.test_packaged_parity.WindowsPathTest" name="test_the_self_heal_extends_the_user_path" time="0.002" /><testcase classname="tests.test_packaged_parity.WindowsPathTest" name="test_the_self_heal_writes_the_windows_shims" time="0.002" /><testcase classname="tests.test_packaged_parity.MacUpdateTest" name="test_both_macos_shapes_are_recognised" time="0.003" /><testcase classname="tests.test_packaged_parity.MacUpdateTest" name="test_it_hands_the_swap_to_a_detached_helper" time="0.003" /><testcase classname="tests.test_packaged_parity.MacUpdateTest" name="test_it_refuses_when_there_is_no_bundle_to_replace" time="0.002" /><testcase classname="tests.test_packaged_parity.MacUpdateTest" name="test_the_bundle_is_found_from_the_executable_inside_it" time="0.003" /><testcase classname="tests.test_packaged_parity.MacUpdateTest" name="test_the_downloaded_image_keeps_a_name_hdiutil_accepts" time="0.002" /><testcase classname="tests.test_packaged_parity.WindowsUpdaterHelperTest" name="test_a_newer_setup_overwrites_in_place_instead_of_uninstalling" time="0.003" /><testcase classname="tests.test_packaged_parity.WindowsUpdaterHelperTest" name="test_the_helper_and_the_shell_strip_the_extended_prefix" time="0.002" /><testcase classname="tests.test_packaged_parity.QualityToolTest" name="test_a_module_only_tool_is_launched_through_the_interpreter" time="0.049" /><testcase classname="tests.test_packaged_parity.QualityToolTest" name="test_a_packaged_build_finds_the_program_it_ships" time="0.003" /><testcase classname="tests.test_packaged_parity.QualityToolTest" name="test_a_source_install_has_nothing_bundled" time="0.002" /><testcase classname="tests.test_packaged_parity.QualityToolTest" name="test_a_tool_that_is_neither_installed_nor_bundled_stays_missing" time="0.040" /><testcase classname="tests.test_packaged_parity.QualityToolTest" name="test_an_installed_program_wins_over_the_bundled_copy" time="0.003" /><testcase classname="tests.test_packaged_parity.QualityToolTest" name="test_python3_means_this_build_when_there_is_no_interpreter_on_disk" time="0.004" /><testcase classname="tests.test_packaged_parity.QualityToolTest" name="test_the_builds_install_the_extra_that_provides_them" time="0.002" /><testcase classname="tests.test_packaged_parity.QualityToolTest" name="test_the_specs_ship_the_tools_the_tables_name" time="0.002" /><testcase classname="tests.test_packaged_parity.RestartTest" name="test_it_re_invokes_the_binary_without_the_module_flag" time="0.004" /><testcase classname="tests.test_bundled_resources.BundledResourceTests" name="test_builtin_skill_summary_uses_virtual_workspace_path" time="0.016" /><testcase classname="tests.test_bundled_resources.BundledResourceTests" name="test_context_uses_skills_from_the_effective_user_workspace" time="0.048" /><testcase classname="tests.test_bundled_resources.BundledResourceTests" name="test_document_template_is_materialized_inside_active_workspace" time="0.015" /><testcase classname="tests.test_quality.LinterTableTest" name="test_fixable_extensions_include_python_and_typescript" time="0.003" /><testcase classname="tests.test_quality.LinterTableTest" name="test_packaged_table_is_valid_and_complete" time="0.004" /><testcase classname="tests.test_quality.LinterTableTest" name="test_react_extensions_are_covered" time="0.003" /><testcase classname="tests.test_quality.LinterTableTest" name="test_scope_filter" time="0.002" /><testcase classname="tests.test_quality.LinterParsingTest" name="test_code_prefix_applied" time="0.002" /><testcase classname="tests.test_quality.LinterParsingTest" name="test_error_codes_promote_severity" time="0.002" /><testcase classname="tests.test_quality.LinterParsingTest" name="test_json_rows_with_dotted_paths" time="0.002" /><testcase classname="tests.test_quality.LinterParsingTest" name="test_malformed_output_is_not_fatal" time="0.002" /><testcase classname="tests.test_quality.LinterParsingTest" name="test_nested_rows_and_severity_map" time="0.002" /><testcase classname="tests.test_quality.LinterParsingTest" name="test_regex_lines_parses_tsc_output" time="0.003" /><testcase classname="tests.test_quality.LintFileTest" name="test_auto_fix_rewrites_the_file" time="0.011" /><testcase classname="tests.test_quality.LintFileTest" name="test_failure_without_diagnostics_is_not_reported_as_clean" time="0.003" /><testcase classname="tests.test_quality.LintFileTest" name="test_json_syntax_error_needs_no_external_tool" time="0.003" /><testcase classname="tests.test_quality.LintFileTest" name="test_missing_binary_is_reported_not_raised" time="0.003" /><testcase classname="tests.test_quality.LintFileTest" name="test_paths_are_reported_relative_to_the_root_not_the_work_dir" time="0.003" /><testcase classname="tests.test_quality.LintFileTest" name="test_requires_gate_skips_when_no_config" time="0.003" /><testcase classname="tests.test_quality.LintFileTest" name="test_ruff_reports_real_diagnostics" time="0.042" /><testcase classname="tests.test_quality.LintFileTest" name="test_timeout_is_reported_as_not_run" time="0.004" /><testcase classname="tests.test_quality.LintFileTest" name="test_valid_json_is_clean" time="0.003" /><testcase classname="tests.test_quality.LintFileTest" name="test_work_dir_follows_the_matched_config" time="0.003" /><testcase classname="tests.test_quality.LintFileTest" name="test_work_dir_is_the_root_for_root_level_config" time="0.003" /><testcase classname="tests.test_quality.TestRunnerDetectionTest" name="test_a_suite_living_only_in_a_subdirectory_is_found" time="0.048" /><testcase classname="tests.test_quality.TestRunnerDetectionTest" name="test_an_undetected_suite_falls_back_to_the_first_directory" time="0.003" /><testcase classname="tests.test_quality.TestRunnerDetectionTest" name="test_detect_content_matches_package_json" time="0.003" /><testcase classname="tests.test_quality.TestRunnerDetectionTest" name="test_nothing_detected_in_empty_project" time="0.003" /><testcase classname="tests.test_quality.TestRunnerDetectionTest" name="test_pytest_detected_from_tests_directory" time="0.003" /><testcase classname="tests.test_quality.TestRunnerDetectionTest" name="test_run_tests_without_a_suite_explains_itself" time="0.003" /><testcase classname="tests.test_quality.TestRunnerDetectionTest" name="test_the_root_still_wins_when_the_suite_lives_there" time="0.004" /><testcase classname="tests.test_quality.TestResultParsingTest" name="test_counts_for_cargo" time="0.002" /><testcase classname="tests.test_quality.TestResultParsingTest" name="test_go_json_events" time="0.002" /><testcase classname="tests.test_quality.TestResultParsingTest" name="test_junit_parser_tolerates_garbage" time="0.002" /><testcase classname="tests.test_quality.TestResultParsingTest" name="test_junit_xml_counts_and_failure_detail" time="0.003" /><testcase classname="tests.test_quality.TestResultParsingTest" name="test_outcome_ok_requires_zero_failures" time="0.003" /><testcase classname="tests.test_quality.TestExecutionTest" name="test_a_collection_failure_names_its_cause" time="0.377" /><testcase classname="tests.test_quality.TestExecutionTest" name="test_a_runner_without_run_as_module_calls_its_binary" time="0.002" /><testcase classname="tests.test_quality.TestExecutionTest" name="test_failing_suite_reports_structured_detail" time="0.347" /><testcase classname="tests.test_quality.TestExecutionTest" name="test_failure_messages_combine_summary_and_detail" time="0.004" /><testcase classname="tests.test_quality.TestExecutionTest" name="test_passing_suite" time="0.352" /><testcase classname="tests.test_quality.TestExecutionTest" name="test_pytest_launches_through_the_interpreter" time="0.003" /><testcase classname="tests.test_quality.TestExecutionTest" name="test_tests_may_import_an_uninstalled_local_package" time="0.355" /><testcase classname="tests.test_quality.ChangeDetectionTest" name="test_build_artifacts_are_filtered" time="0.002" /><testcase classname="tests.test_quality.SnapshotTest" name="test_a_binary_file_is_restored_byte_for_byte" time="0.005" /><testcase classname="tests.test_quality.SnapshotTest" name="test_a_non_utf8_file_is_restored_in_its_own_encoding" time="0.005" /><testcase classname="tests.test_quality.SnapshotTest" name="test_a_snapshot_written_before_base64_still_restores" time="0.004" /><testcase classname="tests.test_quality.SnapshotTest" name="test_crlf_endings_survive_a_rollback" time="0.004" /><testcase classname="tests.test_quality.SnapshotTest" name="test_restore_rejects_snapshot_from_another_project" time="0.004" /><testcase classname="tests.test_quality.SnapshotTest" name="test_snapshot_then_restore_round_trip" time="0.005" /><testcase classname="tests.test_quality.SnapshotTest" name="test_unknown_snapshot_is_an_error_not_a_crash" time="0.003" /><testcase classname="tests.test_quality.VerdictTest" name="test_clean" time="0.002" /><testcase classname="tests.test_quality.VerdictTest" name="test_failing_report_recommends_a_concrete_next_step" time="0.002" /><testcase classname="tests.test_quality.VerdictTest" name="test_lint_error_outranks_test_failure" time="0.002" /><testcase classname="tests.test_quality.VerdictTest" name="test_lint_error_report_points_at_the_fixer" time="0.003" /><testcase classname="tests.test_quality.VerdictTest" name="test_no_changes" time="0.002" /><testcase classname="tests.test_quality.VerdictTest" name="test_test_failure_outranks_warning" time="0.002" /><testcase classname="tests.test_quality.VerdictTest" name="test_warnings_still_pass" time="0.002" /><testcase classname="tests.test_quality.GitRollbackTest" name="test_changed_files_sees_modifications" time="0.024" /><testcase classname="tests.test_quality.GitRollbackTest" name="test_rollback_restores_tracked_file_without_a_snapshot" time="0.024" /><testcase classname="tests.test_quality.GitRollbackTest" name="test_untracked_files_are_left_alone" time="0.022" /><testcase classname="tests.test_quality.GitRollbackTest" name="test_verify_reports_clean_tree_as_nothing_to_do" time="0.025" /><testcase classname="tests.test_quality.BinaryResolutionTest" name="test_a_missing_tool_still_resolves_to_nothing" time="0.003" /><testcase classname="tests.test_quality.BinaryResolutionTest" name="test_a_system_python_on_windows_is_found_under_scripts" time="0.004" /><testcase classname="tests.test_quality.BinaryResolutionTest" name="test_posix_keeps_the_extensionless_shim" time="0.003" /><testcase classname="tests.test_quality.BinaryResolutionTest" name="test_the_suffix_list_is_empty_off_windows" time="0.002" /><testcase classname="tests.test_quality.BinaryResolutionTest" name="test_windows_prefers_the_launchable_shim_over_the_shell_script" time="0.004" /><testcase classname="tests.test_quality.BinaryResolutionTest" name="test_windows_tries_pathext_first_and_the_bare_name_last" time="0.002" /><testcase classname="tests.test_quality_tools_async.EventLoopStaysResponsiveTest" name="test_a_full_verification_does_not_freeze_other_sessions" time="0.305" /><testcase classname="tests.test_quality_tools_async.EventLoopStaysResponsiveTest" name="test_a_long_test_suite_does_not_freeze_other_sessions" time="0.306" /><testcase classname="tests.test_quality_tools_async.EventLoopStaysResponsiveTest" name="test_a_slow_cli_app_does_not_freeze_other_sessions" time="0.307" /><testcase classname="tests.test_quality_tools_async.EventLoopStaysResponsiveTest" name="test_a_slow_lint_does_not_freeze_other_sessions" time="0.309" /><testcase classname="tests.test_quality_tools_async.EventLoopStaysResponsiveTest" name="test_linting_changed_files_does_not_freeze_other_sessions" time="0.309" /><testcase classname="tests.test_quality_tools_async.RollbackApprovalTest" name="test_a_clean_tree_asks_no_question" time="0.040" /><testcase classname="tests.test_quality_tools_async.RollbackApprovalTest" name="test_a_refused_rollback_leaves_the_working_tree_untouched" time="0.022" /><testcase classname="tests.test_quality_tools_async.RollbackApprovalTest" name="test_an_approved_rollback_restores_from_head" time="0.027" /><testcase classname="tests.test_quality_tools_async.RollbackApprovalTest" name="test_an_unattended_rollback_still_works" time="0.030" /><testcase classname="tests.test_quality_tools_async.LintAcceptsAbsolutePathsTest" name="test_a_root_anchored_relative_path_still_works" time="0.005" /><testcase classname="tests.test_quality_tools_async.LintAcceptsAbsolutePathsTest" name="test_an_absolute_path_inside_the_workspace_is_linted" time="0.005" /><testcase classname="tests.test_quality_tools_async.LintAcceptsAbsolutePathsTest" name="test_an_absolute_path_outside_the_workspace_names_the_root" time="0.003" /><testcase classname="tests.test_thread_model_override.RuntimeForInboundTest" name="test_a_media_preset_never_runs_the_chat_turn" time="0.005" /><testcase classname="tests.test_thread_model_override.RuntimeForInboundTest" name="test_a_pinned_preset_shapes_the_turn" time="0.006" /><testcase classname="tests.test_thread_model_override.RuntimeForInboundTest" name="test_an_unknown_preset_falls_back_to_the_default" time="0.005" /><testcase classname="tests.test_thread_model_override.RuntimeForInboundTest" name="test_blank_or_non_string_values_are_ignored" time="0.024" /><testcase classname="tests.test_thread_model_override.RuntimeForInboundTest" name="test_no_metadata_uses_the_default" time="0.012" /><testcase classname="tests.test_thread_model_override.RuntimeForInboundTest" name="test_pinning_the_active_default_skips_re_resolution" time="0.008" /><testcase classname="tests.test_thread_model_override.StickySessionModelPinTest" name="test_a_message_without_pin_reuses_the_session_model" time="0.004" /><testcase classname="tests.test_thread_model_override.StickySessionModelPinTest" name="test_a_user_pin_is_persisted_on_the_session" time="0.002" /><testcase classname="tests.test_thread_model_override.StickySessionModelPinTest" name="test_an_explicit_pin_beats_the_remembered_one" time="0.004" /><testcase classname="tests.test_thread_model_override.StickySessionModelPinTest" name="test_internal_continuations_never_rewrite_the_pin" time="0.002" /><testcase classname="tests.test_thread_model_override.TaskRouteIsNotAPinTest" name="test_a_routed_model_is_never_persisted_as_the_pin" time="0.004" /><testcase classname="tests.test_thread_model_override.TaskRouteIsNotAPinTest" name="test_a_user_pin_survives_the_runtime_stamp" time="0.004" /><testcase classname="tests.test_thread_model_override.TaskRouteIsNotAPinTest" name="test_auto_clears_the_sticky_pin_and_lets_routing_choose" time="0.004" /><testcase classname="tests.test_model_routes.WorkflowRoleMappingTests" name="test_core_workflows_map_to_expected_roles" time="0.002" /><testcase classname="tests.test_model_routes.WorkflowRoleMappingTests" name="test_every_mapped_command_has_a_role" time="0.002" /><testcase classname="tests.test_model_routes.WorkflowRoleMappingTests" name="test_plain_chat_has_no_role" time="0.002" /><testcase classname="tests.test_model_routes.ComposerModeRoleTests" name="test_agent_and_ask_modes_do_not_route" time="0.002" /><testcase classname="tests.test_model_routes.ComposerModeRoleTests" name="test_mapping_stays_aligned_with_the_slash_commands" time="0.002" /><testcase classname="tests.test_model_routes.ComposerModeRoleTests" name="test_mode_names_are_normalized" time="0.002" /><testcase classname="tests.test_model_routes.ComposerModeRoleTests" name="test_modes_map_to_their_slash_equivalents" time="0.002" /><testcase classname="tests.test_model_routes.ResolveRouteTests" name="test_resolve_model_route_returns_configured_preset" time="0.002" /><testcase classname="tests.test_model_routes.ResolveRouteTests" name="test_resolve_route_for_message" time="0.002" /><testcase classname="tests.test_model_routes.ResolveRouteTests" name="test_unknown_preset_rejected_when_allowlist_given" time="0.003" /><testcase classname="tests.test_model_routes.RuntimeForInboundRoutingTests" name="test_agent_mode_still_reaches_the_dev_route_in_code" time="0.007" /><testcase classname="tests.test_model_routes.RuntimeForInboundRoutingTests" name="test_career_module_chat_uses_the_search_route" time="0.009" /><testcase classname="tests.test_model_routes.RuntimeForInboundRoutingTests" name="test_career_slash_uses_the_search_route" time="0.011" /><testcase classname="tests.test_model_routes.RuntimeForInboundRoutingTests" name="test_code_module_falls_back_to_dev_route" time="0.017" /><testcase classname="tests.test_model_routes.RuntimeForInboundRoutingTests" name="test_composer_mode_metadata_routes_without_a_slash" time="0.021" /><testcase classname="tests.test_model_routes.RuntimeForInboundRoutingTests" name="test_pin_keeps_the_model_but_still_stamps_the_task" time="0.021" /><testcase classname="tests.test_model_routes.RuntimeForInboundRoutingTests" name="test_plain_chat_infers_a_fast_route" time="0.017" /><testcase classname="tests.test_model_routes.RuntimeForInboundRoutingTests" name="test_slash_route_wins_over_composer_mode" time="0.014" /><testcase classname="tests.test_model_routes.RuntimeForInboundRoutingTests" name="test_thread_model_preset_wins_over_workflow_route" time="0.012" /><testcase classname="tests.test_model_routes.RuntimeForInboundRoutingTests" name="test_thread_preset_used_when_no_workflow_route" time="0.010" /><testcase classname="tests.test_model_routes.RuntimeForInboundRoutingTests" name="test_workflow_route_applies_without_thread_pin" time="0.008" /><testcase classname="tests.test_model_routes.InferTaskRoleTests" name="test_complex_and_security_keywords" time="0.004" /><testcase classname="tests.test_model_routes.InferTaskRoleTests" name="test_everyday_coding_is_dev" time="0.003" /><testcase classname="tests.test_model_routes.InferTaskRoleTests" name="test_review_plan_search_docs" time="0.002" /><testcase classname="tests.test_model_routes.InferTaskRoleTests" name="test_short_question_is_fast" time="0.002" /><testcase classname="tests.test_model_routes.InferTaskRoleTests" name="test_slash_still_maps" time="0.003" /></testsuite></testsuites>